Traceback (most recent call last):
  File "/home/sx/python/SpringSpider/SpringSpider/spiders/spider.py", line 312, in parseGit
    while len(browser.find_elements_by_xpath('//*[@class="js-expandable-line"]/td')) != 0:  # 点击expandable扩展
  File "/usr/local/lib/python2.7/dist-packages/selenium/webdriver/remote/webdriver.py", line 305, in find_elements_by_xpath
    return self.find_elements(by=By.XPATH, value=xpath)
  File "/usr/local/lib/python2.7/dist-packages/selenium/webdriver/remote/webdriver.py", line 778, in find_elements
    'value': value})['value']
  File "/usr/local/lib/python2.7/dist-packages/selenium/webdriver/remote/webdriver.py", line 234, in execute
    response = self.command_executor.execute(driver_command, params)
  File "/usr/local/lib/python2.7/dist-packages/selenium/webdriver/remote/remote_connection.py", line 401, in execute
    return self._request(command_info[0], url, body=data)
  File "/usr/local/lib/python2.7/dist-packages/selenium/webdriver/remote/remote_connection.py", line 433, in _request
    resp = self._conn.getresponse()
  File "/usr/lib/python2.7/httplib.py", line 1089, in getresponse
    response.begin()
  File "/usr/lib/python2.7/httplib.py", line 444, in begin
    version, status, reason = self._read_status()
  File "/usr/lib/python2.7/httplib.py", line 400, in _read_status
    line = self.fp.readline(_MAXLINE + 1)
  File "/usr/lib/python2.7/socket.py", line 476, in readline
    data = self._sock.recv(self._rbufsize)
error: [Errno 104] Connection reset by peer

Traceback (most recent call last):
  File "/home/sx/python/SpringSpider/SpringSpider/spiders/spider.py", line 294, in parseGit
    "//*[@class='btn btn-sm btn-outline BtnGroup-item tooltipped tooltipped-s']").text
  File "/usr/local/lib/python2.7/dist-packages/selenium/webdriver/remote/webdriver.py", line 293, in find_element_by_xpath
    return self.find_element(by=By.XPATH, value=xpath)
  File "/usr/local/lib/python2.7/dist-packages/selenium/webdriver/remote/webdriver.py", line 752, in find_element
    'value': value})['value']
  File "/usr/local/lib/python2.7/dist-packages/selenium/webdriver/remote/webdriver.py", line 236, in execute
    self.error_handler.check_response(response)
  File "/usr/local/lib/python2.7/dist-packages/selenium/webdriver/remote/errorhandler.py", line 192, in check_response
    raise exception_class(message, screen, stacktrace)
NoSuchElementException: Message: no such element: Unable to locate element: {"method":"xpath","selector":"//*[@class='btn btn-sm btn-outline BtnGroup-item tooltipped tooltipped-s']"}
  (Session info: headless chrome=59.0.3071.86)
  (Driver info: chromedriver=2.30.477691 (6ee44a7247c639c0703f291d320bdf05c1531b57),platform=Linux 4.2.0-42-generic x86_64)


Traceback (most recent call last):
  File "/home/sx/python/SpringSpider/SpringSpider/spiders/spider.py", line 294, in parseGit
    "//*[@class='btn btn-sm btn-outline BtnGroup-item tooltipped tooltipped-s']").text
  File "/usr/local/lib/python2.7/dist-packages/selenium/webdriver/remote/webdriver.py", line 293, in find_element_by_xpath
    return self.find_element(by=By.XPATH, value=xpath)
  File "/usr/local/lib/python2.7/dist-packages/selenium/webdriver/remote/webdriver.py", line 752, in find_element
    'value': value})['value']
  File "/usr/local/lib/python2.7/dist-packages/selenium/webdriver/remote/webdriver.py", line 236, in execute
    self.error_handler.check_response(response)
  File "/usr/local/lib/python2.7/dist-packages/selenium/webdriver/remote/errorhandler.py", line 192, in check_response
    raise exception_class(message, screen, stacktrace)
NoSuchElementException: Message: no such element: Unable to locate element: {"method":"xpath","selector":"//*[@class='btn btn-sm btn-outline BtnGroup-item tooltipped tooltipped-s']"}
  (Session info: headless chrome=59.0.3071.86)
  (Driver info: chromedriver=2.30.477691 (6ee44a7247c639c0703f291d320bdf05c1531b57),platform=Linux 4.2.0-42-generic x86_64)


Traceback (most recent call last):
  File "/home/sx/python/SpringSpider/SpringSpider/spiders/spider.py", line 294, in parseGit
    "//*[@class='btn btn-sm btn-outline BtnGroup-item tooltipped tooltipped-s']").text
  File "/usr/local/lib/python2.7/dist-packages/selenium/webdriver/remote/webdriver.py", line 293, in find_element_by_xpath
    return self.find_element(by=By.XPATH, value=xpath)
  File "/usr/local/lib/python2.7/dist-packages/selenium/webdriver/remote/webdriver.py", line 752, in find_element
    'value': value})['value']
  File "/usr/local/lib/python2.7/dist-packages/selenium/webdriver/remote/webdriver.py", line 236, in execute
    self.error_handler.check_response(response)
  File "/usr/local/lib/python2.7/dist-packages/selenium/webdriver/remote/errorhandler.py", line 192, in check_response
    raise exception_class(message, screen, stacktrace)
NoSuchElementException: Message: no such element: Unable to locate element: {"method":"xpath","selector":"//*[@class='btn btn-sm btn-outline BtnGroup-item tooltipped tooltipped-s']"}
  (Session info: headless chrome=59.0.3071.86)
  (Driver info: chromedriver=2.30.477691 (6ee44a7247c639c0703f291d320bdf05c1531b57),platform=Linux 4.2.0-42-generic x86_64)


Traceback (most recent call last):
  File "/home/sx/python/SpringSpider/SpringSpider/spiders/spider.py", line 294, in parseGit
    "//*[@class='btn btn-sm btn-outline BtnGroup-item tooltipped tooltipped-s']").text
  File "/usr/local/lib/python2.7/dist-packages/selenium/webdriver/remote/webdriver.py", line 293, in find_element_by_xpath
    return self.find_element(by=By.XPATH, value=xpath)
  File "/usr/local/lib/python2.7/dist-packages/selenium/webdriver/remote/webdriver.py", line 752, in find_element
    'value': value})['value']
  File "/usr/local/lib/python2.7/dist-packages/selenium/webdriver/remote/webdriver.py", line 236, in execute
    self.error_handler.check_response(response)
  File "/usr/local/lib/python2.7/dist-packages/selenium/webdriver/remote/errorhandler.py", line 192, in check_response
    raise exception_class(message, screen, stacktrace)
NoSuchElementException: Message: no such element: Unable to locate element: {"method":"xpath","selector":"//*[@class='btn btn-sm btn-outline BtnGroup-item tooltipped tooltipped-s']"}
  (Session info: headless chrome=59.0.3071.86)
  (Driver info: chromedriver=2.30.477691 (6ee44a7247c639c0703f291d320bdf05c1531b57),platform=Linux 4.2.0-42-generic x86_64)


Traceback (most recent call last):
  File "/home/sx/python/SpringSpider/SpringSpider/spiders/spider.py", line 294, in parseGit
    "//*[@class='btn btn-sm btn-outline BtnGroup-item tooltipped tooltipped-s']").text
  File "/usr/local/lib/python2.7/dist-packages/selenium/webdriver/remote/webdriver.py", line 293, in find_element_by_xpath
    return self.find_element(by=By.XPATH, value=xpath)
  File "/usr/local/lib/python2.7/dist-packages/selenium/webdriver/remote/webdriver.py", line 752, in find_element
    'value': value})['value']
  File "/usr/local/lib/python2.7/dist-packages/selenium/webdriver/remote/webdriver.py", line 236, in execute
    self.error_handler.check_response(response)
  File "/usr/local/lib/python2.7/dist-packages/selenium/webdriver/remote/errorhandler.py", line 192, in check_response
    raise exception_class(message, screen, stacktrace)
NoSuchElementException: Message: no such element: Unable to locate element: {"method":"xpath","selector":"//*[@class='btn btn-sm btn-outline BtnGroup-item tooltipped tooltipped-s']"}
  (Session info: headless chrome=59.0.3071.86)
  (Driver info: chromedriver=2.30.477691 (6ee44a7247c639c0703f291d320bdf05c1531b57),platform=Linux 4.2.0-42-generic x86_64)


Traceback (most recent call last):
  File "/home/sx/python/SpringSpider/SpringSpider/spiders/spider.py", line 294, in parseGit
    "//*[@class='btn btn-sm btn-outline BtnGroup-item tooltipped tooltipped-s']").text
  File "/usr/local/lib/python2.7/dist-packages/selenium/webdriver/remote/webdriver.py", line 293, in find_element_by_xpath
    return self.find_element(by=By.XPATH, value=xpath)
  File "/usr/local/lib/python2.7/dist-packages/selenium/webdriver/remote/webdriver.py", line 752, in find_element
    'value': value})['value']
  File "/usr/local/lib/python2.7/dist-packages/selenium/webdriver/remote/webdriver.py", line 236, in execute
    self.error_handler.check_response(response)
  File "/usr/local/lib/python2.7/dist-packages/selenium/webdriver/remote/errorhandler.py", line 192, in check_response
    raise exception_class(message, screen, stacktrace)
NoSuchElementException: Message: no such element: Unable to locate element: {"method":"xpath","selector":"//*[@class='btn btn-sm btn-outline BtnGroup-item tooltipped tooltipped-s']"}
  (Session info: headless chrome=59.0.3071.86)
  (Driver info: chromedriver=2.30.477691 (6ee44a7247c639c0703f291d320bdf05c1531b57),platform=Linux 4.2.0-42-generic x86_64)


Traceback (most recent call last):
  File "/home/sx/python/SpringSpider/SpringSpider/spiders/spider.py", line 294, in parseGit
    "//*[@class='btn btn-sm btn-outline BtnGroup-item tooltipped tooltipped-s']").text
  File "/usr/local/lib/python2.7/dist-packages/selenium/webdriver/remote/webdriver.py", line 293, in find_element_by_xpath
    return self.find_element(by=By.XPATH, value=xpath)
  File "/usr/local/lib/python2.7/dist-packages/selenium/webdriver/remote/webdriver.py", line 752, in find_element
    'value': value})['value']
  File "/usr/local/lib/python2.7/dist-packages/selenium/webdriver/remote/webdriver.py", line 236, in execute
    self.error_handler.check_response(response)
  File "/usr/local/lib/python2.7/dist-packages/selenium/webdriver/remote/errorhandler.py", line 192, in check_response
    raise exception_class(message, screen, stacktrace)
NoSuchElementException: Message: no such element: Unable to locate element: {"method":"xpath","selector":"//*[@class='btn btn-sm btn-outline BtnGroup-item tooltipped tooltipped-s']"}
  (Session info: headless chrome=59.0.3071.86)
  (Driver info: chromedriver=2.30.477691 (6ee44a7247c639c0703f291d320bdf05c1531b57),platform=Linux 4.2.0-42-generic x86_64)


Traceback (most recent call last):
  File "/home/sx/python/SpringSpider/SpringSpider/spiders/spider.py", line 294, in parseGit
    "//*[@class='btn btn-sm btn-outline BtnGroup-item tooltipped tooltipped-s']").text
  File "/usr/local/lib/python2.7/dist-packages/selenium/webdriver/remote/webdriver.py", line 293, in find_element_by_xpath
    return self.find_element(by=By.XPATH, value=xpath)
  File "/usr/local/lib/python2.7/dist-packages/selenium/webdriver/remote/webdriver.py", line 752, in find_element
    'value': value})['value']
  File "/usr/local/lib/python2.7/dist-packages/selenium/webdriver/remote/webdriver.py", line 236, in execute
    self.error_handler.check_response(response)
  File "/usr/local/lib/python2.7/dist-packages/selenium/webdriver/remote/errorhandler.py", line 192, in check_response
    raise exception_class(message, screen, stacktrace)
NoSuchElementException: Message: no such element: Unable to locate element: {"method":"xpath","selector":"//*[@class='btn btn-sm btn-outline BtnGroup-item tooltipped tooltipped-s']"}
  (Session info: headless chrome=59.0.3071.86)
  (Driver info: chromedriver=2.30.477691 (6ee44a7247c639c0703f291d320bdf05c1531b57),platform=Linux 4.2.0-42-generic x86_64)


Traceback (most recent call last):
  File "/home/sx/python/SpringSpider/SpringSpider/spiders/spider.py", line 294, in parseGit
    "//*[@class='btn btn-sm btn-outline BtnGroup-item tooltipped tooltipped-s']").text
  File "/usr/local/lib/python2.7/dist-packages/selenium/webdriver/remote/webdriver.py", line 293, in find_element_by_xpath
    return self.find_element(by=By.XPATH, value=xpath)
  File "/usr/local/lib/python2.7/dist-packages/selenium/webdriver/remote/webdriver.py", line 752, in find_element
    'value': value})['value']
  File "/usr/local/lib/python2.7/dist-packages/selenium/webdriver/remote/webdriver.py", line 236, in execute
    self.error_handler.check_response(response)
  File "/usr/local/lib/python2.7/dist-packages/selenium/webdriver/remote/errorhandler.py", line 192, in check_response
    raise exception_class(message, screen, stacktrace)
NoSuchElementException: Message: no such element: Unable to locate element: {"method":"xpath","selector":"//*[@class='btn btn-sm btn-outline BtnGroup-item tooltipped tooltipped-s']"}
  (Session info: headless chrome=59.0.3071.86)
  (Driver info: chromedriver=2.30.477691 (6ee44a7247c639c0703f291d320bdf05c1531b57),platform=Linux 4.2.0-42-generic x86_64)


Traceback (most recent call last):
  File "/home/sx/python/SpringSpider/SpringSpider/spiders/spider.py", line 294, in parseGit
    "//*[@class='btn btn-sm btn-outline BtnGroup-item tooltipped tooltipped-s']").text
  File "/usr/local/lib/python2.7/dist-packages/selenium/webdriver/remote/webdriver.py", line 293, in find_element_by_xpath
    return self.find_element(by=By.XPATH, value=xpath)
  File "/usr/local/lib/python2.7/dist-packages/selenium/webdriver/remote/webdriver.py", line 752, in find_element
    'value': value})['value']
  File "/usr/local/lib/python2.7/dist-packages/selenium/webdriver/remote/webdriver.py", line 236, in execute
    self.error_handler.check_response(response)
  File "/usr/local/lib/python2.7/dist-packages/selenium/webdriver/remote/errorhandler.py", line 192, in check_response
    raise exception_class(message, screen, stacktrace)
NoSuchElementException: Message: no such element: Unable to locate element: {"method":"xpath","selector":"//*[@class='btn btn-sm btn-outline BtnGroup-item tooltipped tooltipped-s']"}
  (Session info: headless chrome=59.0.3071.86)
  (Driver info: chromedriver=2.30.477691 (6ee44a7247c639c0703f291d320bdf05c1531b57),platform=Linux 4.2.0-42-generic x86_64)


Traceback (most recent call last):
  File "/home/sx/python/SpringSpider/SpringSpider/spiders/spider.py", line 294, in parseGit
    "//*[@class='btn btn-sm btn-outline BtnGroup-item tooltipped tooltipped-s']").text
  File "/usr/local/lib/python2.7/dist-packages/selenium/webdriver/remote/webdriver.py", line 293, in find_element_by_xpath
    return self.find_element(by=By.XPATH, value=xpath)
  File "/usr/local/lib/python2.7/dist-packages/selenium/webdriver/remote/webdriver.py", line 752, in find_element
    'value': value})['value']
  File "/usr/local/lib/python2.7/dist-packages/selenium/webdriver/remote/webdriver.py", line 236, in execute
    self.error_handler.check_response(response)
  File "/usr/local/lib/python2.7/dist-packages/selenium/webdriver/remote/errorhandler.py", line 192, in check_response
    raise exception_class(message, screen, stacktrace)
NoSuchElementException: Message: no such element: Unable to locate element: {"method":"xpath","selector":"//*[@class='btn btn-sm btn-outline BtnGroup-item tooltipped tooltipped-s']"}
  (Session info: headless chrome=59.0.3071.86)
  (Driver info: chromedriver=2.30.477691 (6ee44a7247c639c0703f291d320bdf05c1531b57),platform=Linux 4.2.0-42-generic x86_64)


Traceback (most recent call last):
  File "/home/sx/python/SpringSpider/SpringSpider/spiders/spider.py", line 294, in parseGit
    "//*[@class='btn btn-sm btn-outline BtnGroup-item tooltipped tooltipped-s']").text
  File "/usr/local/lib/python2.7/dist-packages/selenium/webdriver/remote/webdriver.py", line 293, in find_element_by_xpath
    return self.find_element(by=By.XPATH, value=xpath)
  File "/usr/local/lib/python2.7/dist-packages/selenium/webdriver/remote/webdriver.py", line 752, in find_element
    'value': value})['value']
  File "/usr/local/lib/python2.7/dist-packages/selenium/webdriver/remote/webdriver.py", line 236, in execute
    self.error_handler.check_response(response)
  File "/usr/local/lib/python2.7/dist-packages/selenium/webdriver/remote/errorhandler.py", line 192, in check_response
    raise exception_class(message, screen, stacktrace)
NoSuchElementException: Message: no such element: Unable to locate element: {"method":"xpath","selector":"//*[@class='btn btn-sm btn-outline BtnGroup-item tooltipped tooltipped-s']"}
  (Session info: headless chrome=59.0.3071.86)
  (Driver info: chromedriver=2.30.477691 (6ee44a7247c639c0703f291d320bdf05c1531b57),platform=Linux 4.2.0-42-generic x86_64)


Traceback (most recent call last):
  File "/home/sx/python/SpringSpider/SpringSpider/spiders/spider.py", line 294, in parseGit
    "//*[@class='btn btn-sm btn-outline BtnGroup-item tooltipped tooltipped-s']").text
  File "/usr/local/lib/python2.7/dist-packages/selenium/webdriver/remote/webdriver.py", line 293, in find_element_by_xpath
    return self.find_element(by=By.XPATH, value=xpath)
  File "/usr/local/lib/python2.7/dist-packages/selenium/webdriver/remote/webdriver.py", line 752, in find_element
    'value': value})['value']
  File "/usr/local/lib/python2.7/dist-packages/selenium/webdriver/remote/webdriver.py", line 236, in execute
    self.error_handler.check_response(response)
  File "/usr/local/lib/python2.7/dist-packages/selenium/webdriver/remote/errorhandler.py", line 192, in check_response
    raise exception_class(message, screen, stacktrace)
NoSuchElementException: Message: no such element: Unable to locate element: {"method":"xpath","selector":"//*[@class='btn btn-sm btn-outline BtnGroup-item tooltipped tooltipped-s']"}
  (Session info: headless chrome=59.0.3071.86)
  (Driver info: chromedriver=2.30.477691 (6ee44a7247c639c0703f291d320bdf05c1531b57),platform=Linux 4.2.0-42-generic x86_64)


Traceback (most recent call last):
  File "/home/sx/python/SpringSpider/SpringSpider/spiders/spider.py", line 294, in parseGit
    "//*[@class='btn btn-sm btn-outline BtnGroup-item tooltipped tooltipped-s']").text
  File "/usr/local/lib/python2.7/dist-packages/selenium/webdriver/remote/webdriver.py", line 293, in find_element_by_xpath
    return self.find_element(by=By.XPATH, value=xpath)
  File "/usr/local/lib/python2.7/dist-packages/selenium/webdriver/remote/webdriver.py", line 752, in find_element
    'value': value})['value']
  File "/usr/local/lib/python2.7/dist-packages/selenium/webdriver/remote/webdriver.py", line 236, in execute
    self.error_handler.check_response(response)
  File "/usr/local/lib/python2.7/dist-packages/selenium/webdriver/remote/errorhandler.py", line 192, in check_response
    raise exception_class(message, screen, stacktrace)
NoSuchElementException: Message: no such element: Unable to locate element: {"method":"xpath","selector":"//*[@class='btn btn-sm btn-outline BtnGroup-item tooltipped tooltipped-s']"}
  (Session info: headless chrome=59.0.3071.86)
  (Driver info: chromedriver=2.30.477691 (6ee44a7247c639c0703f291d320bdf05c1531b57),platform=Linux 4.2.0-42-generic x86_64)


Traceback (most recent call last):
  File "/home/sx/python/SpringSpider/SpringSpider/spiders/spider.py", line 294, in parseGit
    "//*[@class='btn btn-sm btn-outline BtnGroup-item tooltipped tooltipped-s']").text
  File "/usr/local/lib/python2.7/dist-packages/selenium/webdriver/remote/webdriver.py", line 293, in find_element_by_xpath
    return self.find_element(by=By.XPATH, value=xpath)
  File "/usr/local/lib/python2.7/dist-packages/selenium/webdriver/remote/webdriver.py", line 752, in find_element
    'value': value})['value']
  File "/usr/local/lib/python2.7/dist-packages/selenium/webdriver/remote/webdriver.py", line 236, in execute
    self.error_handler.check_response(response)
  File "/usr/local/lib/python2.7/dist-packages/selenium/webdriver/remote/errorhandler.py", line 192, in check_response
    raise exception_class(message, screen, stacktrace)
NoSuchElementException: Message: no such element: Unable to locate element: {"method":"xpath","selector":"//*[@class='btn btn-sm btn-outline BtnGroup-item tooltipped tooltipped-s']"}
  (Session info: headless chrome=59.0.3071.86)
  (Driver info: chromedriver=2.30.477691 (6ee44a7247c639c0703f291d320bdf05c1531b57),platform=Linux 4.2.0-42-generic x86_64)


Traceback (most recent call last):
  File "/home/sx/python/SpringSpider/SpringSpider/spiders/spider.py", line 294, in parseGit
    "//*[@class='btn btn-sm btn-outline BtnGroup-item tooltipped tooltipped-s']").text
  File "/usr/local/lib/python2.7/dist-packages/selenium/webdriver/remote/webdriver.py", line 293, in find_element_by_xpath
    return self.find_element(by=By.XPATH, value=xpath)
  File "/usr/local/lib/python2.7/dist-packages/selenium/webdriver/remote/webdriver.py", line 752, in find_element
    'value': value})['value']
  File "/usr/local/lib/python2.7/dist-packages/selenium/webdriver/remote/webdriver.py", line 236, in execute
    self.error_handler.check_response(response)
  File "/usr/local/lib/python2.7/dist-packages/selenium/webdriver/remote/errorhandler.py", line 192, in check_response
    raise exception_class(message, screen, stacktrace)
NoSuchElementException: Message: no such element: Unable to locate element: {"method":"xpath","selector":"//*[@class='btn btn-sm btn-outline BtnGroup-item tooltipped tooltipped-s']"}
  (Session info: headless chrome=59.0.3071.86)
  (Driver info: chromedriver=2.30.477691 (6ee44a7247c639c0703f291d320bdf05c1531b57),platform=Linux 4.2.0-42-generic x86_64)


Traceback (most recent call last):
  File "/home/sx/python/SpringSpider/SpringSpider/spiders/spider.py", line 294, in parseGit
    "//*[@class='btn btn-sm btn-outline BtnGroup-item tooltipped tooltipped-s']").text
  File "/usr/local/lib/python2.7/dist-packages/selenium/webdriver/remote/webdriver.py", line 293, in find_element_by_xpath
    return self.find_element(by=By.XPATH, value=xpath)
  File "/usr/local/lib/python2.7/dist-packages/selenium/webdriver/remote/webdriver.py", line 752, in find_element
    'value': value})['value']
  File "/usr/local/lib/python2.7/dist-packages/selenium/webdriver/remote/webdriver.py", line 236, in execute
    self.error_handler.check_response(response)
  File "/usr/local/lib/python2.7/dist-packages/selenium/webdriver/remote/errorhandler.py", line 192, in check_response
    raise exception_class(message, screen, stacktrace)
NoSuchElementException: Message: no such element: Unable to locate element: {"method":"xpath","selector":"//*[@class='btn btn-sm btn-outline BtnGroup-item tooltipped tooltipped-s']"}
  (Session info: headless chrome=59.0.3071.86)
  (Driver info: chromedriver=2.30.477691 (6ee44a7247c639c0703f291d320bdf05c1531b57),platform=Linux 4.2.0-42-generic x86_64)


Traceback (most recent call last):
  File "/home/sx/python/SpringSpider/SpringSpider/spiders/spider.py", line 294, in parseGit
    "//*[@class='btn btn-sm btn-outline BtnGroup-item tooltipped tooltipped-s']").text
  File "/usr/local/lib/python2.7/dist-packages/selenium/webdriver/remote/webdriver.py", line 293, in find_element_by_xpath
    return self.find_element(by=By.XPATH, value=xpath)
  File "/usr/local/lib/python2.7/dist-packages/selenium/webdriver/remote/webdriver.py", line 752, in find_element
    'value': value})['value']
  File "/usr/local/lib/python2.7/dist-packages/selenium/webdriver/remote/webdriver.py", line 236, in execute
    self.error_handler.check_response(response)
  File "/usr/local/lib/python2.7/dist-packages/selenium/webdriver/remote/errorhandler.py", line 192, in check_response
    raise exception_class(message, screen, stacktrace)
NoSuchElementException: Message: no such element: Unable to locate element: {"method":"xpath","selector":"//*[@class='btn btn-sm btn-outline BtnGroup-item tooltipped tooltipped-s']"}
  (Session info: headless chrome=59.0.3071.86)
  (Driver info: chromedriver=2.30.477691 (6ee44a7247c639c0703f291d320bdf05c1531b57),platform=Linux 4.2.0-42-generic x86_64)


Traceback (most recent call last):
  File "/home/sx/python/SpringSpider/SpringSpider/spiders/spider.py", line 294, in parseGit
    "//*[@class='btn btn-sm btn-outline BtnGroup-item tooltipped tooltipped-s']").text
  File "/usr/local/lib/python2.7/dist-packages/selenium/webdriver/remote/webdriver.py", line 293, in find_element_by_xpath
    return self.find_element(by=By.XPATH, value=xpath)
  File "/usr/local/lib/python2.7/dist-packages/selenium/webdriver/remote/webdriver.py", line 752, in find_element
    'value': value})['value']
  File "/usr/local/lib/python2.7/dist-packages/selenium/webdriver/remote/webdriver.py", line 236, in execute
    self.error_handler.check_response(response)
  File "/usr/local/lib/python2.7/dist-packages/selenium/webdriver/remote/errorhandler.py", line 192, in check_response
    raise exception_class(message, screen, stacktrace)
NoSuchElementException: Message: no such element: Unable to locate element: {"method":"xpath","selector":"//*[@class='btn btn-sm btn-outline BtnGroup-item tooltipped tooltipped-s']"}
  (Session info: headless chrome=59.0.3071.86)
  (Driver info: chromedriver=2.30.477691 (6ee44a7247c639c0703f291d320bdf05c1531b57),platform=Linux 4.2.0-42-generic x86_64)


Traceback (most recent call last):
  File "/home/sx/python/SpringSpider/SpringSpider/spiders/spider.py", line 294, in parseGit
    "//*[@class='btn btn-sm btn-outline BtnGroup-item tooltipped tooltipped-s']").text
  File "/usr/local/lib/python2.7/dist-packages/selenium/webdriver/remote/webdriver.py", line 293, in find_element_by_xpath
    return self.find_element(by=By.XPATH, value=xpath)
  File "/usr/local/lib/python2.7/dist-packages/selenium/webdriver/remote/webdriver.py", line 752, in find_element
    'value': value})['value']
  File "/usr/local/lib/python2.7/dist-packages/selenium/webdriver/remote/webdriver.py", line 236, in execute
    self.error_handler.check_response(response)
  File "/usr/local/lib/python2.7/dist-packages/selenium/webdriver/remote/errorhandler.py", line 192, in check_response
    raise exception_class(message, screen, stacktrace)
NoSuchElementException: Message: no such element: Unable to locate element: {"method":"xpath","selector":"//*[@class='btn btn-sm btn-outline BtnGroup-item tooltipped tooltipped-s']"}
  (Session info: headless chrome=59.0.3071.86)
  (Driver info: chromedriver=2.30.477691 (6ee44a7247c639c0703f291d320bdf05c1531b57),platform=Linux 4.2.0-42-generic x86_64)


Traceback (most recent call last):
  File "/home/sx/python/SpringSpider/SpringSpider/spiders/spider.py", line 294, in parseGit
    "//*[@class='btn btn-sm btn-outline BtnGroup-item tooltipped tooltipped-s']").text
  File "/usr/local/lib/python2.7/dist-packages/selenium/webdriver/remote/webdriver.py", line 293, in find_element_by_xpath
    return self.find_element(by=By.XPATH, value=xpath)
  File "/usr/local/lib/python2.7/dist-packages/selenium/webdriver/remote/webdriver.py", line 752, in find_element
    'value': value})['value']
  File "/usr/local/lib/python2.7/dist-packages/selenium/webdriver/remote/webdriver.py", line 236, in execute
    self.error_handler.check_response(response)
  File "/usr/local/lib/python2.7/dist-packages/selenium/webdriver/remote/errorhandler.py", line 192, in check_response
    raise exception_class(message, screen, stacktrace)
NoSuchElementException: Message: no such element: Unable to locate element: {"method":"xpath","selector":"//*[@class='btn btn-sm btn-outline BtnGroup-item tooltipped tooltipped-s']"}
  (Session info: headless chrome=59.0.3071.86)
  (Driver info: chromedriver=2.30.477691 (6ee44a7247c639c0703f291d320bdf05c1531b57),platform=Linux 4.2.0-42-generic x86_64)


Traceback (most recent call last):
  File "/home/sx/python/SpringSpider/SpringSpider/spiders/spider.py", line 294, in parseGit
    "//*[@class='btn btn-sm btn-outline BtnGroup-item tooltipped tooltipped-s']").text
  File "/usr/local/lib/python2.7/dist-packages/selenium/webdriver/remote/webdriver.py", line 293, in find_element_by_xpath
    return self.find_element(by=By.XPATH, value=xpath)
  File "/usr/local/lib/python2.7/dist-packages/selenium/webdriver/remote/webdriver.py", line 752, in find_element
    'value': value})['value']
  File "/usr/local/lib/python2.7/dist-packages/selenium/webdriver/remote/webdriver.py", line 236, in execute
    self.error_handler.check_response(response)
  File "/usr/local/lib/python2.7/dist-packages/selenium/webdriver/remote/errorhandler.py", line 192, in check_response
    raise exception_class(message, screen, stacktrace)
NoSuchElementException: Message: no such element: Unable to locate element: {"method":"xpath","selector":"//*[@class='btn btn-sm btn-outline BtnGroup-item tooltipped tooltipped-s']"}
  (Session info: headless chrome=59.0.3071.86)
  (Driver info: chromedriver=2.30.477691 (6ee44a7247c639c0703f291d320bdf05c1531b57),platform=Linux 4.2.0-42-generic x86_64)


Traceback (most recent call last):
  File "/home/sx/python/SpringSpider/SpringSpider/spiders/spider.py", line 294, in parseGit
    "//*[@class='btn btn-sm btn-outline BtnGroup-item tooltipped tooltipped-s']").text
  File "/usr/local/lib/python2.7/dist-packages/selenium/webdriver/remote/webdriver.py", line 293, in find_element_by_xpath
    return self.find_element(by=By.XPATH, value=xpath)
  File "/usr/local/lib/python2.7/dist-packages/selenium/webdriver/remote/webdriver.py", line 752, in find_element
    'value': value})['value']
  File "/usr/local/lib/python2.7/dist-packages/selenium/webdriver/remote/webdriver.py", line 236, in execute
    self.error_handler.check_response(response)
  File "/usr/local/lib/python2.7/dist-packages/selenium/webdriver/remote/errorhandler.py", line 192, in check_response
    raise exception_class(message, screen, stacktrace)
NoSuchElementException: Message: no such element: Unable to locate element: {"method":"xpath","selector":"//*[@class='btn btn-sm btn-outline BtnGroup-item tooltipped tooltipped-s']"}
  (Session info: headless chrome=59.0.3071.86)
  (Driver info: chromedriver=2.30.477691 (6ee44a7247c639c0703f291d320bdf05c1531b57),platform=Linux 4.2.0-42-generic x86_64)


Traceback (most recent call last):
  File "/home/sx/python/SpringSpider/SpringSpider/spiders/spider.py", line 294, in parseGit
    "//*[@class='btn btn-sm btn-outline BtnGroup-item tooltipped tooltipped-s']").text
  File "/usr/local/lib/python2.7/dist-packages/selenium/webdriver/remote/webdriver.py", line 293, in find_element_by_xpath
    return self.find_element(by=By.XPATH, value=xpath)
  File "/usr/local/lib/python2.7/dist-packages/selenium/webdriver/remote/webdriver.py", line 752, in find_element
    'value': value})['value']
  File "/usr/local/lib/python2.7/dist-packages/selenium/webdriver/remote/webdriver.py", line 236, in execute
    self.error_handler.check_response(response)
  File "/usr/local/lib/python2.7/dist-packages/selenium/webdriver/remote/errorhandler.py", line 192, in check_response
    raise exception_class(message, screen, stacktrace)
NoSuchElementException: Message: no such element: Unable to locate element: {"method":"xpath","selector":"//*[@class='btn btn-sm btn-outline BtnGroup-item tooltipped tooltipped-s']"}
  (Session info: headless chrome=59.0.3071.86)
  (Driver info: chromedriver=2.30.477691 (6ee44a7247c639c0703f291d320bdf05c1531b57),platform=Linux 4.2.0-42-generic x86_64)


Traceback (most recent call last):
  File "/home/sx/python/SpringSpider/SpringSpider/spiders/spider.py", line 294, in parseGit
    "//*[@class='btn btn-sm btn-outline BtnGroup-item tooltipped tooltipped-s']").text
  File "/usr/local/lib/python2.7/dist-packages/selenium/webdriver/remote/webdriver.py", line 293, in find_element_by_xpath
    return self.find_element(by=By.XPATH, value=xpath)
  File "/usr/local/lib/python2.7/dist-packages/selenium/webdriver/remote/webdriver.py", line 752, in find_element
    'value': value})['value']
  File "/usr/local/lib/python2.7/dist-packages/selenium/webdriver/remote/webdriver.py", line 236, in execute
    self.error_handler.check_response(response)
  File "/usr/local/lib/python2.7/dist-packages/selenium/webdriver/remote/errorhandler.py", line 192, in check_response
    raise exception_class(message, screen, stacktrace)
NoSuchElementException: Message: no such element: Unable to locate element: {"method":"xpath","selector":"//*[@class='btn btn-sm btn-outline BtnGroup-item tooltipped tooltipped-s']"}
  (Session info: headless chrome=59.0.3071.86)
  (Driver info: chromedriver=2.30.477691 (6ee44a7247c639c0703f291d320bdf05c1531b57),platform=Linux 4.2.0-42-generic x86_64)


Traceback (most recent call last):
  File "/home/sx/python/SpringSpider/SpringSpider/spiders/spider.py", line 294, in parseGit
    "//*[@class='btn btn-sm btn-outline BtnGroup-item tooltipped tooltipped-s']").text
  File "/usr/local/lib/python2.7/dist-packages/selenium/webdriver/remote/webdriver.py", line 293, in find_element_by_xpath
    return self.find_element(by=By.XPATH, value=xpath)
  File "/usr/local/lib/python2.7/dist-packages/selenium/webdriver/remote/webdriver.py", line 752, in find_element
    'value': value})['value']
  File "/usr/local/lib/python2.7/dist-packages/selenium/webdriver/remote/webdriver.py", line 236, in execute
    self.error_handler.check_response(response)
  File "/usr/local/lib/python2.7/dist-packages/selenium/webdriver/remote/errorhandler.py", line 192, in check_response
    raise exception_class(message, screen, stacktrace)
NoSuchElementException: Message: no such element: Unable to locate element: {"method":"xpath","selector":"//*[@class='btn btn-sm btn-outline BtnGroup-item tooltipped tooltipped-s']"}
  (Session info: headless chrome=59.0.3071.86)
  (Driver info: chromedriver=2.30.477691 (6ee44a7247c639c0703f291d320bdf05c1531b57),platform=Linux 4.2.0-42-generic x86_64)


Traceback (most recent call last):
  File "/home/sx/python/SpringSpider/SpringSpider/spiders/spider.py", line 294, in parseGit
    "//*[@class='btn btn-sm btn-outline BtnGroup-item tooltipped tooltipped-s']").text
  File "/usr/local/lib/python2.7/dist-packages/selenium/webdriver/remote/webdriver.py", line 293, in find_element_by_xpath
    return self.find_element(by=By.XPATH, value=xpath)
  File "/usr/local/lib/python2.7/dist-packages/selenium/webdriver/remote/webdriver.py", line 752, in find_element
    'value': value})['value']
  File "/usr/local/lib/python2.7/dist-packages/selenium/webdriver/remote/webdriver.py", line 236, in execute
    self.error_handler.check_response(response)
  File "/usr/local/lib/python2.7/dist-packages/selenium/webdriver/remote/errorhandler.py", line 192, in check_response
    raise exception_class(message, screen, stacktrace)
NoSuchElementException: Message: no such element: Unable to locate element: {"method":"xpath","selector":"//*[@class='btn btn-sm btn-outline BtnGroup-item tooltipped tooltipped-s']"}
  (Session info: headless chrome=59.0.3071.86)
  (Driver info: chromedriver=2.30.477691 (6ee44a7247c639c0703f291d320bdf05c1531b57),platform=Linux 4.2.0-42-generic x86_64)


Traceback (most recent call last):
  File "/home/sx/python/SpringSpider/SpringSpider/spiders/spider.py", line 294, in parseGit
    "//*[@class='btn btn-sm btn-outline BtnGroup-item tooltipped tooltipped-s']").text
  File "/usr/local/lib/python2.7/dist-packages/selenium/webdriver/remote/webdriver.py", line 293, in find_element_by_xpath
    return self.find_element(by=By.XPATH, value=xpath)
  File "/usr/local/lib/python2.7/dist-packages/selenium/webdriver/remote/webdriver.py", line 752, in find_element
    'value': value})['value']
  File "/usr/local/lib/python2.7/dist-packages/selenium/webdriver/remote/webdriver.py", line 236, in execute
    self.error_handler.check_response(response)
  File "/usr/local/lib/python2.7/dist-packages/selenium/webdriver/remote/errorhandler.py", line 192, in check_response
    raise exception_class(message, screen, stacktrace)
NoSuchElementException: Message: no such element: Unable to locate element: {"method":"xpath","selector":"//*[@class='btn btn-sm btn-outline BtnGroup-item tooltipped tooltipped-s']"}
  (Session info: headless chrome=59.0.3071.86)
  (Driver info: chromedriver=2.30.477691 (6ee44a7247c639c0703f291d320bdf05c1531b57),platform=Linux 4.2.0-42-generic x86_64)


Traceback (most recent call last):
  File "/home/sx/python/SpringSpider/SpringSpider/spiders/spider.py", line 294, in parseGit
    "//*[@class='btn btn-sm btn-outline BtnGroup-item tooltipped tooltipped-s']").text
  File "/usr/local/lib/python2.7/dist-packages/selenium/webdriver/remote/webdriver.py", line 293, in find_element_by_xpath
    return self.find_element(by=By.XPATH, value=xpath)
  File "/usr/local/lib/python2.7/dist-packages/selenium/webdriver/remote/webdriver.py", line 752, in find_element
    'value': value})['value']
  File "/usr/local/lib/python2.7/dist-packages/selenium/webdriver/remote/webdriver.py", line 236, in execute
    self.error_handler.check_response(response)
  File "/usr/local/lib/python2.7/dist-packages/selenium/webdriver/remote/errorhandler.py", line 192, in check_response
    raise exception_class(message, screen, stacktrace)
NoSuchElementException: Message: no such element: Unable to locate element: {"method":"xpath","selector":"//*[@class='btn btn-sm btn-outline BtnGroup-item tooltipped tooltipped-s']"}
  (Session info: headless chrome=59.0.3071.86)
  (Driver info: chromedriver=2.30.477691 (6ee44a7247c639c0703f291d320bdf05c1531b57),platform=Linux 4.2.0-42-generic x86_64)


Traceback (most recent call last):
  File "/home/sx/python/SpringSpider/SpringSpider/spiders/spider.py", line 294, in parseGit
    "//*[@class='btn btn-sm btn-outline BtnGroup-item tooltipped tooltipped-s']").text
  File "/usr/local/lib/python2.7/dist-packages/selenium/webdriver/remote/webdriver.py", line 293, in find_element_by_xpath
    return self.find_element(by=By.XPATH, value=xpath)
  File "/usr/local/lib/python2.7/dist-packages/selenium/webdriver/remote/webdriver.py", line 752, in find_element
    'value': value})['value']
  File "/usr/local/lib/python2.7/dist-packages/selenium/webdriver/remote/webdriver.py", line 236, in execute
    self.error_handler.check_response(response)
  File "/usr/local/lib/python2.7/dist-packages/selenium/webdriver/remote/errorhandler.py", line 192, in check_response
    raise exception_class(message, screen, stacktrace)
NoSuchElementException: Message: no such element: Unable to locate element: {"method":"xpath","selector":"//*[@class='btn btn-sm btn-outline BtnGroup-item tooltipped tooltipped-s']"}
  (Session info: headless chrome=59.0.3071.86)
  (Driver info: chromedriver=2.30.477691 (6ee44a7247c639c0703f291d320bdf05c1531b57),platform=Linux 4.2.0-42-generic x86_64)


Traceback (most recent call last):
  File "/home/sx/python/SpringSpider/SpringSpider/spiders/spider.py", line 294, in parseGit
    "//*[@class='btn btn-sm btn-outline BtnGroup-item tooltipped tooltipped-s']").text
  File "/usr/local/lib/python2.7/dist-packages/selenium/webdriver/remote/webdriver.py", line 293, in find_element_by_xpath
    return self.find_element(by=By.XPATH, value=xpath)
  File "/usr/local/lib/python2.7/dist-packages/selenium/webdriver/remote/webdriver.py", line 752, in find_element
    'value': value})['value']
  File "/usr/local/lib/python2.7/dist-packages/selenium/webdriver/remote/webdriver.py", line 236, in execute
    self.error_handler.check_response(response)
  File "/usr/local/lib/python2.7/dist-packages/selenium/webdriver/remote/errorhandler.py", line 192, in check_response
    raise exception_class(message, screen, stacktrace)
NoSuchElementException: Message: no such element: Unable to locate element: {"method":"xpath","selector":"//*[@class='btn btn-sm btn-outline BtnGroup-item tooltipped tooltipped-s']"}
  (Session info: headless chrome=59.0.3071.86)
  (Driver info: chromedriver=2.30.477691 (6ee44a7247c639c0703f291d320bdf05c1531b57),platform=Linux 4.2.0-42-generic x86_64)


Traceback (most recent call last):
  File "/home/sx/python/SpringSpider/SpringSpider/spiders/spider.py", line 294, in parseGit
    "//*[@class='btn btn-sm btn-outline BtnGroup-item tooltipped tooltipped-s']").text
  File "/usr/local/lib/python2.7/dist-packages/selenium/webdriver/remote/webdriver.py", line 293, in find_element_by_xpath
    return self.find_element(by=By.XPATH, value=xpath)
  File "/usr/local/lib/python2.7/dist-packages/selenium/webdriver/remote/webdriver.py", line 752, in find_element
    'value': value})['value']
  File "/usr/local/lib/python2.7/dist-packages/selenium/webdriver/remote/webdriver.py", line 236, in execute
    self.error_handler.check_response(response)
  File "/usr/local/lib/python2.7/dist-packages/selenium/webdriver/remote/errorhandler.py", line 192, in check_response
    raise exception_class(message, screen, stacktrace)
NoSuchElementException: Message: no such element: Unable to locate element: {"method":"xpath","selector":"//*[@class='btn btn-sm btn-outline BtnGroup-item tooltipped tooltipped-s']"}
  (Session info: headless chrome=59.0.3071.86)
  (Driver info: chromedriver=2.30.477691 (6ee44a7247c639c0703f291d320bdf05c1531b57),platform=Linux 4.2.0-42-generic x86_64)


Traceback (most recent call last):
  File "/home/sx/python/SpringSpider/SpringSpider/spiders/spider.py", line 294, in parseGit
    "//*[@class='btn btn-sm btn-outline BtnGroup-item tooltipped tooltipped-s']").text
  File "/usr/local/lib/python2.7/dist-packages/selenium/webdriver/remote/webdriver.py", line 293, in find_element_by_xpath
    return self.find_element(by=By.XPATH, value=xpath)
  File "/usr/local/lib/python2.7/dist-packages/selenium/webdriver/remote/webdriver.py", line 752, in find_element
    'value': value})['value']
  File "/usr/local/lib/python2.7/dist-packages/selenium/webdriver/remote/webdriver.py", line 236, in execute
    self.error_handler.check_response(response)
  File "/usr/local/lib/python2.7/dist-packages/selenium/webdriver/remote/errorhandler.py", line 192, in check_response
    raise exception_class(message, screen, stacktrace)
NoSuchElementException: Message: no such element: Unable to locate element: {"method":"xpath","selector":"//*[@class='btn btn-sm btn-outline BtnGroup-item tooltipped tooltipped-s']"}
  (Session info: headless chrome=59.0.3071.86)
  (Driver info: chromedriver=2.30.477691 (6ee44a7247c639c0703f291d320bdf05c1531b57),platform=Linux 4.2.0-42-generic x86_64)


Traceback (most recent call last):
  File "/home/sx/python/SpringSpider/SpringSpider/spiders/spider.py", line 294, in parseGit
    "//*[@class='btn btn-sm btn-outline BtnGroup-item tooltipped tooltipped-s']").text
  File "/usr/local/lib/python2.7/dist-packages/selenium/webdriver/remote/webdriver.py", line 293, in find_element_by_xpath
    return self.find_element(by=By.XPATH, value=xpath)
  File "/usr/local/lib/python2.7/dist-packages/selenium/webdriver/remote/webdriver.py", line 752, in find_element
    'value': value})['value']
  File "/usr/local/lib/python2.7/dist-packages/selenium/webdriver/remote/webdriver.py", line 236, in execute
    self.error_handler.check_response(response)
  File "/usr/local/lib/python2.7/dist-packages/selenium/webdriver/remote/errorhandler.py", line 192, in check_response
    raise exception_class(message, screen, stacktrace)
NoSuchElementException: Message: no such element: Unable to locate element: {"method":"xpath","selector":"//*[@class='btn btn-sm btn-outline BtnGroup-item tooltipped tooltipped-s']"}
  (Session info: headless chrome=59.0.3071.86)
  (Driver info: chromedriver=2.30.477691 (6ee44a7247c639c0703f291d320bdf05c1531b57),platform=Linux 4.2.0-42-generic x86_64)


Traceback (most recent call last):
  File "/home/sx/python/SpringSpider/SpringSpider/spiders/spider.py", line 294, in parseGit
    "//*[@class='btn btn-sm btn-outline BtnGroup-item tooltipped tooltipped-s']").text
  File "/usr/local/lib/python2.7/dist-packages/selenium/webdriver/remote/webdriver.py", line 293, in find_element_by_xpath
    return self.find_element(by=By.XPATH, value=xpath)
  File "/usr/local/lib/python2.7/dist-packages/selenium/webdriver/remote/webdriver.py", line 752, in find_element
    'value': value})['value']
  File "/usr/local/lib/python2.7/dist-packages/selenium/webdriver/remote/webdriver.py", line 236, in execute
    self.error_handler.check_response(response)
  File "/usr/local/lib/python2.7/dist-packages/selenium/webdriver/remote/errorhandler.py", line 192, in check_response
    raise exception_class(message, screen, stacktrace)
NoSuchElementException: Message: no such element: Unable to locate element: {"method":"xpath","selector":"//*[@class='btn btn-sm btn-outline BtnGroup-item tooltipped tooltipped-s']"}
  (Session info: headless chrome=59.0.3071.86)
  (Driver info: chromedriver=2.30.477691 (6ee44a7247c639c0703f291d320bdf05c1531b57),platform=Linux 4.2.0-42-generic x86_64)


Traceback (most recent call last):
  File "/home/sx/python/SpringSpider/SpringSpider/spiders/spider.py", line 294, in parseGit
    "//*[@class='btn btn-sm btn-outline BtnGroup-item tooltipped tooltipped-s']").text
  File "/usr/local/lib/python2.7/dist-packages/selenium/webdriver/remote/webdriver.py", line 293, in find_element_by_xpath
    return self.find_element(by=By.XPATH, value=xpath)
  File "/usr/local/lib/python2.7/dist-packages/selenium/webdriver/remote/webdriver.py", line 752, in find_element
    'value': value})['value']
  File "/usr/local/lib/python2.7/dist-packages/selenium/webdriver/remote/webdriver.py", line 236, in execute
    self.error_handler.check_response(response)
  File "/usr/local/lib/python2.7/dist-packages/selenium/webdriver/remote/errorhandler.py", line 192, in check_response
    raise exception_class(message, screen, stacktrace)
NoSuchElementException: Message: no such element: Unable to locate element: {"method":"xpath","selector":"//*[@class='btn btn-sm btn-outline BtnGroup-item tooltipped tooltipped-s']"}
  (Session info: headless chrome=59.0.3071.86)
  (Driver info: chromedriver=2.30.477691 (6ee44a7247c639c0703f291d320bdf05c1531b57),platform=Linux 4.2.0-42-generic x86_64)


Traceback (most recent call last):
  File "/home/sx/python/SpringSpider/SpringSpider/spiders/spider.py", line 294, in parseGit
    "//*[@class='btn btn-sm btn-outline BtnGroup-item tooltipped tooltipped-s']").text
  File "/usr/local/lib/python2.7/dist-packages/selenium/webdriver/remote/webdriver.py", line 293, in find_element_by_xpath
    return self.find_element(by=By.XPATH, value=xpath)
  File "/usr/local/lib/python2.7/dist-packages/selenium/webdriver/remote/webdriver.py", line 752, in find_element
    'value': value})['value']
  File "/usr/local/lib/python2.7/dist-packages/selenium/webdriver/remote/webdriver.py", line 236, in execute
    self.error_handler.check_response(response)
  File "/usr/local/lib/python2.7/dist-packages/selenium/webdriver/remote/errorhandler.py", line 192, in check_response
    raise exception_class(message, screen, stacktrace)
NoSuchElementException: Message: no such element: Unable to locate element: {"method":"xpath","selector":"//*[@class='btn btn-sm btn-outline BtnGroup-item tooltipped tooltipped-s']"}
  (Session info: headless chrome=59.0.3071.86)
  (Driver info: chromedriver=2.30.477691 (6ee44a7247c639c0703f291d320bdf05c1531b57),platform=Linux 4.2.0-42-generic x86_64)


Traceback (most recent call last):
  File "/home/sx/python/SpringSpider/SpringSpider/spiders/spider.py", line 294, in parseGit
    "//*[@class='btn btn-sm btn-outline BtnGroup-item tooltipped tooltipped-s']").text
  File "/usr/local/lib/python2.7/dist-packages/selenium/webdriver/remote/webdriver.py", line 293, in find_element_by_xpath
    return self.find_element(by=By.XPATH, value=xpath)
  File "/usr/local/lib/python2.7/dist-packages/selenium/webdriver/remote/webdriver.py", line 752, in find_element
    'value': value})['value']
  File "/usr/local/lib/python2.7/dist-packages/selenium/webdriver/remote/webdriver.py", line 236, in execute
    self.error_handler.check_response(response)
  File "/usr/local/lib/python2.7/dist-packages/selenium/webdriver/remote/errorhandler.py", line 192, in check_response
    raise exception_class(message, screen, stacktrace)
NoSuchElementException: Message: no such element: Unable to locate element: {"method":"xpath","selector":"//*[@class='btn btn-sm btn-outline BtnGroup-item tooltipped tooltipped-s']"}
  (Session info: headless chrome=59.0.3071.86)
  (Driver info: chromedriver=2.30.477691 (6ee44a7247c639c0703f291d320bdf05c1531b57),platform=Linux 4.2.0-42-generic x86_64)


Traceback (most recent call last):
  File "/home/sx/python/SpringSpider/SpringSpider/spiders/spider.py", line 294, in parseGit
    "//*[@class='btn btn-sm btn-outline BtnGroup-item tooltipped tooltipped-s']").text
  File "/usr/local/lib/python2.7/dist-packages/selenium/webdriver/remote/webdriver.py", line 293, in find_element_by_xpath
    return self.find_element(by=By.XPATH, value=xpath)
  File "/usr/local/lib/python2.7/dist-packages/selenium/webdriver/remote/webdriver.py", line 752, in find_element
    'value': value})['value']
  File "/usr/local/lib/python2.7/dist-packages/selenium/webdriver/remote/webdriver.py", line 236, in execute
    self.error_handler.check_response(response)
  File "/usr/local/lib/python2.7/dist-packages/selenium/webdriver/remote/errorhandler.py", line 192, in check_response
    raise exception_class(message, screen, stacktrace)
NoSuchElementException: Message: no such element: Unable to locate element: {"method":"xpath","selector":"//*[@class='btn btn-sm btn-outline BtnGroup-item tooltipped tooltipped-s']"}
  (Session info: headless chrome=59.0.3071.86)
  (Driver info: chromedriver=2.30.477691 (6ee44a7247c639c0703f291d320bdf05c1531b57),platform=Linux 4.2.0-42-generic x86_64)


Traceback (most recent call last):
  File "/home/sx/python/SpringSpider/SpringSpider/spiders/spider.py", line 294, in parseGit
    "//*[@class='btn btn-sm btn-outline BtnGroup-item tooltipped tooltipped-s']").text
  File "/usr/local/lib/python2.7/dist-packages/selenium/webdriver/remote/webdriver.py", line 293, in find_element_by_xpath
    return self.find_element(by=By.XPATH, value=xpath)
  File "/usr/local/lib/python2.7/dist-packages/selenium/webdriver/remote/webdriver.py", line 752, in find_element
    'value': value})['value']
  File "/usr/local/lib/python2.7/dist-packages/selenium/webdriver/remote/webdriver.py", line 236, in execute
    self.error_handler.check_response(response)
  File "/usr/local/lib/python2.7/dist-packages/selenium/webdriver/remote/errorhandler.py", line 192, in check_response
    raise exception_class(message, screen, stacktrace)
NoSuchElementException: Message: no such element: Unable to locate element: {"method":"xpath","selector":"//*[@class='btn btn-sm btn-outline BtnGroup-item tooltipped tooltipped-s']"}
  (Session info: headless chrome=59.0.3071.86)
  (Driver info: chromedriver=2.30.477691 (6ee44a7247c639c0703f291d320bdf05c1531b57),platform=Linux 4.2.0-42-generic x86_64)


Traceback (most recent call last):
  File "/home/sx/python/SpringSpider/SpringSpider/spiders/spider.py", line 294, in parseGit
    "//*[@class='btn btn-sm btn-outline BtnGroup-item tooltipped tooltipped-s']").text
  File "/usr/local/lib/python2.7/dist-packages/selenium/webdriver/remote/webdriver.py", line 293, in find_element_by_xpath
    return self.find_element(by=By.XPATH, value=xpath)
  File "/usr/local/lib/python2.7/dist-packages/selenium/webdriver/remote/webdriver.py", line 752, in find_element
    'value': value})['value']
  File "/usr/local/lib/python2.7/dist-packages/selenium/webdriver/remote/webdriver.py", line 236, in execute
    self.error_handler.check_response(response)
  File "/usr/local/lib/python2.7/dist-packages/selenium/webdriver/remote/errorhandler.py", line 192, in check_response
    raise exception_class(message, screen, stacktrace)
NoSuchElementException: Message: no such element: Unable to locate element: {"method":"xpath","selector":"//*[@class='btn btn-sm btn-outline BtnGroup-item tooltipped tooltipped-s']"}
  (Session info: headless chrome=59.0.3071.86)
  (Driver info: chromedriver=2.30.477691 (6ee44a7247c639c0703f291d320bdf05c1531b57),platform=Linux 4.2.0-42-generic x86_64)


Traceback (most recent call last):
  File "/home/sx/python/SpringSpider/SpringSpider/spiders/spider.py", line 294, in parseGit
    "//*[@class='btn btn-sm btn-outline BtnGroup-item tooltipped tooltipped-s']").text
  File "/usr/local/lib/python2.7/dist-packages/selenium/webdriver/remote/webdriver.py", line 293, in find_element_by_xpath
    return self.find_element(by=By.XPATH, value=xpath)
  File "/usr/local/lib/python2.7/dist-packages/selenium/webdriver/remote/webdriver.py", line 752, in find_element
    'value': value})['value']
  File "/usr/local/lib/python2.7/dist-packages/selenium/webdriver/remote/webdriver.py", line 236, in execute
    self.error_handler.check_response(response)
  File "/usr/local/lib/python2.7/dist-packages/selenium/webdriver/remote/errorhandler.py", line 192, in check_response
    raise exception_class(message, screen, stacktrace)
NoSuchElementException: Message: no such element: Unable to locate element: {"method":"xpath","selector":"//*[@class='btn btn-sm btn-outline BtnGroup-item tooltipped tooltipped-s']"}
  (Session info: headless chrome=59.0.3071.86)
  (Driver info: chromedriver=2.30.477691 (6ee44a7247c639c0703f291d320bdf05c1531b57),platform=Linux 4.2.0-42-generic x86_64)


Traceback (most recent call last):
  File "/home/sx/python/SpringSpider/SpringSpider/spiders/spider.py", line 294, in parseGit
    "//*[@class='btn btn-sm btn-outline BtnGroup-item tooltipped tooltipped-s']").text
  File "/usr/local/lib/python2.7/dist-packages/selenium/webdriver/remote/webdriver.py", line 293, in find_element_by_xpath
    return self.find_element(by=By.XPATH, value=xpath)
  File "/usr/local/lib/python2.7/dist-packages/selenium/webdriver/remote/webdriver.py", line 752, in find_element
    'value': value})['value']
  File "/usr/local/lib/python2.7/dist-packages/selenium/webdriver/remote/webdriver.py", line 236, in execute
    self.error_handler.check_response(response)
  File "/usr/local/lib/python2.7/dist-packages/selenium/webdriver/remote/errorhandler.py", line 192, in check_response
    raise exception_class(message, screen, stacktrace)
NoSuchElementException: Message: no such element: Unable to locate element: {"method":"xpath","selector":"//*[@class='btn btn-sm btn-outline BtnGroup-item tooltipped tooltipped-s']"}
  (Session info: headless chrome=59.0.3071.86)
  (Driver info: chromedriver=2.30.477691 (6ee44a7247c639c0703f291d320bdf05c1531b57),platform=Linux 4.2.0-42-generic x86_64)


Traceback (most recent call last):
  File "/home/sx/python/SpringSpider/SpringSpider/spiders/spider.py", line 294, in parseGit
    "//*[@class='btn btn-sm btn-outline BtnGroup-item tooltipped tooltipped-s']").text
  File "/usr/local/lib/python2.7/dist-packages/selenium/webdriver/remote/webdriver.py", line 293, in find_element_by_xpath
    return self.find_element(by=By.XPATH, value=xpath)
  File "/usr/local/lib/python2.7/dist-packages/selenium/webdriver/remote/webdriver.py", line 752, in find_element
    'value': value})['value']
  File "/usr/local/lib/python2.7/dist-packages/selenium/webdriver/remote/webdriver.py", line 236, in execute
    self.error_handler.check_response(response)
  File "/usr/local/lib/python2.7/dist-packages/selenium/webdriver/remote/errorhandler.py", line 192, in check_response
    raise exception_class(message, screen, stacktrace)
NoSuchElementException: Message: no such element: Unable to locate element: {"method":"xpath","selector":"//*[@class='btn btn-sm btn-outline BtnGroup-item tooltipped tooltipped-s']"}
  (Session info: headless chrome=59.0.3071.86)
  (Driver info: chromedriver=2.30.477691 (6ee44a7247c639c0703f291d320bdf05c1531b57),platform=Linux 4.2.0-42-generic x86_64)


Traceback (most recent call last):
  File "/home/sx/python/SpringSpider/SpringSpider/spiders/spider.py", line 294, in parseGit
    "//*[@class='btn btn-sm btn-outline BtnGroup-item tooltipped tooltipped-s']").text
  File "/usr/local/lib/python2.7/dist-packages/selenium/webdriver/remote/webdriver.py", line 293, in find_element_by_xpath
    return self.find_element(by=By.XPATH, value=xpath)
  File "/usr/local/lib/python2.7/dist-packages/selenium/webdriver/remote/webdriver.py", line 752, in find_element
    'value': value})['value']
  File "/usr/local/lib/python2.7/dist-packages/selenium/webdriver/remote/webdriver.py", line 236, in execute
    self.error_handler.check_response(response)
  File "/usr/local/lib/python2.7/dist-packages/selenium/webdriver/remote/errorhandler.py", line 192, in check_response
    raise exception_class(message, screen, stacktrace)
NoSuchElementException: Message: no such element: Unable to locate element: {"method":"xpath","selector":"//*[@class='btn btn-sm btn-outline BtnGroup-item tooltipped tooltipped-s']"}
  (Session info: headless chrome=59.0.3071.86)
  (Driver info: chromedriver=2.30.477691 (6ee44a7247c639c0703f291d320bdf05c1531b57),platform=Linux 4.2.0-42-generic x86_64)


Traceback (most recent call last):
  File "/home/sx/python/SpringSpider/SpringSpider/spiders/spider.py", line 294, in parseGit
    "//*[@class='btn btn-sm btn-outline BtnGroup-item tooltipped tooltipped-s']").text
  File "/usr/local/lib/python2.7/dist-packages/selenium/webdriver/remote/webdriver.py", line 293, in find_element_by_xpath
    return self.find_element(by=By.XPATH, value=xpath)
  File "/usr/local/lib/python2.7/dist-packages/selenium/webdriver/remote/webdriver.py", line 752, in find_element
    'value': value})['value']
  File "/usr/local/lib/python2.7/dist-packages/selenium/webdriver/remote/webdriver.py", line 236, in execute
    self.error_handler.check_response(response)
  File "/usr/local/lib/python2.7/dist-packages/selenium/webdriver/remote/errorhandler.py", line 192, in check_response
    raise exception_class(message, screen, stacktrace)
NoSuchElementException: Message: no such element: Unable to locate element: {"method":"xpath","selector":"//*[@class='btn btn-sm btn-outline BtnGroup-item tooltipped tooltipped-s']"}
  (Session info: headless chrome=59.0.3071.86)
  (Driver info: chromedriver=2.30.477691 (6ee44a7247c639c0703f291d320bdf05c1531b57),platform=Linux 4.2.0-42-generic x86_64)


Traceback (most recent call last):
  File "/home/sx/python/SpringSpider/SpringSpider/spiders/spider.py", line 294, in parseGit
    "//*[@class='btn btn-sm btn-outline BtnGroup-item tooltipped tooltipped-s']").text
  File "/usr/local/lib/python2.7/dist-packages/selenium/webdriver/remote/webdriver.py", line 293, in find_element_by_xpath
    return self.find_element(by=By.XPATH, value=xpath)
  File "/usr/local/lib/python2.7/dist-packages/selenium/webdriver/remote/webdriver.py", line 752, in find_element
    'value': value})['value']
  File "/usr/local/lib/python2.7/dist-packages/selenium/webdriver/remote/webdriver.py", line 236, in execute
    self.error_handler.check_response(response)
  File "/usr/local/lib/python2.7/dist-packages/selenium/webdriver/remote/errorhandler.py", line 192, in check_response
    raise exception_class(message, screen, stacktrace)
NoSuchElementException: Message: no such element: Unable to locate element: {"method":"xpath","selector":"//*[@class='btn btn-sm btn-outline BtnGroup-item tooltipped tooltipped-s']"}
  (Session info: headless chrome=59.0.3071.86)
  (Driver info: chromedriver=2.30.477691 (6ee44a7247c639c0703f291d320bdf05c1531b57),platform=Linux 4.2.0-42-generic x86_64)


Traceback (most recent call last):
  File "/home/sx/python/SpringSpider/SpringSpider/spiders/spider.py", line 294, in parseGit
    "//*[@class='btn btn-sm btn-outline BtnGroup-item tooltipped tooltipped-s']").text
  File "/usr/local/lib/python2.7/dist-packages/selenium/webdriver/remote/webdriver.py", line 293, in find_element_by_xpath
    return self.find_element(by=By.XPATH, value=xpath)
  File "/usr/local/lib/python2.7/dist-packages/selenium/webdriver/remote/webdriver.py", line 752, in find_element
    'value': value})['value']
  File "/usr/local/lib/python2.7/dist-packages/selenium/webdriver/remote/webdriver.py", line 236, in execute
    self.error_handler.check_response(response)
  File "/usr/local/lib/python2.7/dist-packages/selenium/webdriver/remote/errorhandler.py", line 192, in check_response
    raise exception_class(message, screen, stacktrace)
NoSuchElementException: Message: no such element: Unable to locate element: {"method":"xpath","selector":"//*[@class='btn btn-sm btn-outline BtnGroup-item tooltipped tooltipped-s']"}
  (Session info: headless chrome=59.0.3071.86)
  (Driver info: chromedriver=2.30.477691 (6ee44a7247c639c0703f291d320bdf05c1531b57),platform=Linux 4.2.0-42-generic x86_64)


Traceback (most recent call last):
  File "/home/sx/python/SpringSpider/SpringSpider/spiders/spider.py", line 294, in parseGit
    "//*[@class='btn btn-sm btn-outline BtnGroup-item tooltipped tooltipped-s']").text
  File "/usr/local/lib/python2.7/dist-packages/selenium/webdriver/remote/webdriver.py", line 293, in find_element_by_xpath
    return self.find_element(by=By.XPATH, value=xpath)
  File "/usr/local/lib/python2.7/dist-packages/selenium/webdriver/remote/webdriver.py", line 752, in find_element
    'value': value})['value']
  File "/usr/local/lib/python2.7/dist-packages/selenium/webdriver/remote/webdriver.py", line 236, in execute
    self.error_handler.check_response(response)
  File "/usr/local/lib/python2.7/dist-packages/selenium/webdriver/remote/errorhandler.py", line 192, in check_response
    raise exception_class(message, screen, stacktrace)
NoSuchElementException: Message: no such element: Unable to locate element: {"method":"xpath","selector":"//*[@class='btn btn-sm btn-outline BtnGroup-item tooltipped tooltipped-s']"}
  (Session info: headless chrome=59.0.3071.86)
  (Driver info: chromedriver=2.30.477691 (6ee44a7247c639c0703f291d320bdf05c1531b57),platform=Linux 4.2.0-42-generic x86_64)


Traceback (most recent call last):
  File "/home/sx/python/SpringSpider/SpringSpider/spiders/spider.py", line 294, in parseGit
    "//*[@class='btn btn-sm btn-outline BtnGroup-item tooltipped tooltipped-s']").text
  File "/usr/local/lib/python2.7/dist-packages/selenium/webdriver/remote/webdriver.py", line 293, in find_element_by_xpath
    return self.find_element(by=By.XPATH, value=xpath)
  File "/usr/local/lib/python2.7/dist-packages/selenium/webdriver/remote/webdriver.py", line 752, in find_element
    'value': value})['value']
  File "/usr/local/lib/python2.7/dist-packages/selenium/webdriver/remote/webdriver.py", line 236, in execute
    self.error_handler.check_response(response)
  File "/usr/local/lib/python2.7/dist-packages/selenium/webdriver/remote/errorhandler.py", line 192, in check_response
    raise exception_class(message, screen, stacktrace)
NoSuchElementException: Message: no such element: Unable to locate element: {"method":"xpath","selector":"//*[@class='btn btn-sm btn-outline BtnGroup-item tooltipped tooltipped-s']"}
  (Session info: headless chrome=59.0.3071.86)
  (Driver info: chromedriver=2.30.477691 (6ee44a7247c639c0703f291d320bdf05c1531b57),platform=Linux 4.2.0-42-generic x86_64)


Traceback (most recent call last):
  File "/home/sx/python/SpringSpider/SpringSpider/spiders/spider.py", line 294, in parseGit
    "//*[@class='btn btn-sm btn-outline BtnGroup-item tooltipped tooltipped-s']").text
  File "/usr/local/lib/python2.7/dist-packages/selenium/webdriver/remote/webdriver.py", line 293, in find_element_by_xpath
    return self.find_element(by=By.XPATH, value=xpath)
  File "/usr/local/lib/python2.7/dist-packages/selenium/webdriver/remote/webdriver.py", line 752, in find_element
    'value': value})['value']
  File "/usr/local/lib/python2.7/dist-packages/selenium/webdriver/remote/webdriver.py", line 236, in execute
    self.error_handler.check_response(response)
  File "/usr/local/lib/python2.7/dist-packages/selenium/webdriver/remote/errorhandler.py", line 192, in check_response
    raise exception_class(message, screen, stacktrace)
NoSuchElementException: Message: no such element: Unable to locate element: {"method":"xpath","selector":"//*[@class='btn btn-sm btn-outline BtnGroup-item tooltipped tooltipped-s']"}
  (Session info: headless chrome=59.0.3071.86)
  (Driver info: chromedriver=2.30.477691 (6ee44a7247c639c0703f291d320bdf05c1531b57),platform=Linux 4.2.0-42-generic x86_64)


Traceback (most recent call last):
  File "/home/sx/python/SpringSpider/SpringSpider/spiders/spider.py", line 294, in parseGit
    "//*[@class='btn btn-sm btn-outline BtnGroup-item tooltipped tooltipped-s']").text
  File "/usr/local/lib/python2.7/dist-packages/selenium/webdriver/remote/webdriver.py", line 293, in find_element_by_xpath
    return self.find_element(by=By.XPATH, value=xpath)
  File "/usr/local/lib/python2.7/dist-packages/selenium/webdriver/remote/webdriver.py", line 752, in find_element
    'value': value})['value']
  File "/usr/local/lib/python2.7/dist-packages/selenium/webdriver/remote/webdriver.py", line 236, in execute
    self.error_handler.check_response(response)
  File "/usr/local/lib/python2.7/dist-packages/selenium/webdriver/remote/errorhandler.py", line 192, in check_response
    raise exception_class(message, screen, stacktrace)
NoSuchElementException: Message: no such element: Unable to locate element: {"method":"xpath","selector":"//*[@class='btn btn-sm btn-outline BtnGroup-item tooltipped tooltipped-s']"}
  (Session info: headless chrome=59.0.3071.86)
  (Driver info: chromedriver=2.30.477691 (6ee44a7247c639c0703f291d320bdf05c1531b57),platform=Linux 4.2.0-42-generic x86_64)


Traceback (most recent call last):
  File "/home/sx/python/SpringSpider/SpringSpider/spiders/spider.py", line 294, in parseGit
    "//*[@class='btn btn-sm btn-outline BtnGroup-item tooltipped tooltipped-s']").text
  File "/usr/local/lib/python2.7/dist-packages/selenium/webdriver/remote/webdriver.py", line 293, in find_element_by_xpath
    return self.find_element(by=By.XPATH, value=xpath)
  File "/usr/local/lib/python2.7/dist-packages/selenium/webdriver/remote/webdriver.py", line 752, in find_element
    'value': value})['value']
  File "/usr/local/lib/python2.7/dist-packages/selenium/webdriver/remote/webdriver.py", line 236, in execute
    self.error_handler.check_response(response)
  File "/usr/local/lib/python2.7/dist-packages/selenium/webdriver/remote/errorhandler.py", line 192, in check_response
    raise exception_class(message, screen, stacktrace)
NoSuchElementException: Message: no such element: Unable to locate element: {"method":"xpath","selector":"//*[@class='btn btn-sm btn-outline BtnGroup-item tooltipped tooltipped-s']"}
  (Session info: headless chrome=59.0.3071.86)
  (Driver info: chromedriver=2.30.477691 (6ee44a7247c639c0703f291d320bdf05c1531b57),platform=Linux 4.2.0-42-generic x86_64)


Traceback (most recent call last):
  File "/home/sx/python/SpringSpider/SpringSpider/spiders/spider.py", line 294, in parseGit
    "//*[@class='btn btn-sm btn-outline BtnGroup-item tooltipped tooltipped-s']").text
  File "/usr/local/lib/python2.7/dist-packages/selenium/webdriver/remote/webdriver.py", line 293, in find_element_by_xpath
    return self.find_element(by=By.XPATH, value=xpath)
  File "/usr/local/lib/python2.7/dist-packages/selenium/webdriver/remote/webdriver.py", line 752, in find_element
    'value': value})['value']
  File "/usr/local/lib/python2.7/dist-packages/selenium/webdriver/remote/webdriver.py", line 236, in execute
    self.error_handler.check_response(response)
  File "/usr/local/lib/python2.7/dist-packages/selenium/webdriver/remote/errorhandler.py", line 192, in check_response
    raise exception_class(message, screen, stacktrace)
NoSuchElementException: Message: no such element: Unable to locate element: {"method":"xpath","selector":"//*[@class='btn btn-sm btn-outline BtnGroup-item tooltipped tooltipped-s']"}
  (Session info: headless chrome=59.0.3071.86)
  (Driver info: chromedriver=2.30.477691 (6ee44a7247c639c0703f291d320bdf05c1531b57),platform=Linux 4.2.0-42-generic x86_64)


Traceback (most recent call last):
  File "/home/sx/python/SpringSpider/SpringSpider/spiders/spider.py", line 294, in parseGit
    "//*[@class='btn btn-sm btn-outline BtnGroup-item tooltipped tooltipped-s']").text
  File "/usr/local/lib/python2.7/dist-packages/selenium/webdriver/remote/webdriver.py", line 293, in find_element_by_xpath
    return self.find_element(by=By.XPATH, value=xpath)
  File "/usr/local/lib/python2.7/dist-packages/selenium/webdriver/remote/webdriver.py", line 752, in find_element
    'value': value})['value']
  File "/usr/local/lib/python2.7/dist-packages/selenium/webdriver/remote/webdriver.py", line 236, in execute
    self.error_handler.check_response(response)
  File "/usr/local/lib/python2.7/dist-packages/selenium/webdriver/remote/errorhandler.py", line 192, in check_response
    raise exception_class(message, screen, stacktrace)
NoSuchElementException: Message: no such element: Unable to locate element: {"method":"xpath","selector":"//*[@class='btn btn-sm btn-outline BtnGroup-item tooltipped tooltipped-s']"}
  (Session info: headless chrome=59.0.3071.86)
  (Driver info: chromedriver=2.30.477691 (6ee44a7247c639c0703f291d320bdf05c1531b57),platform=Linux 4.2.0-42-generic x86_64)


Traceback (most recent call last):
  File "/home/sx/python/SpringSpider/SpringSpider/spiders/spider.py", line 294, in parseGit
    "//*[@class='btn btn-sm btn-outline BtnGroup-item tooltipped tooltipped-s']").text
  File "/usr/local/lib/python2.7/dist-packages/selenium/webdriver/remote/webdriver.py", line 293, in find_element_by_xpath
    return self.find_element(by=By.XPATH, value=xpath)
  File "/usr/local/lib/python2.7/dist-packages/selenium/webdriver/remote/webdriver.py", line 752, in find_element
    'value': value})['value']
  File "/usr/local/lib/python2.7/dist-packages/selenium/webdriver/remote/webdriver.py", line 236, in execute
    self.error_handler.check_response(response)
  File "/usr/local/lib/python2.7/dist-packages/selenium/webdriver/remote/errorhandler.py", line 192, in check_response
    raise exception_class(message, screen, stacktrace)
NoSuchElementException: Message: no such element: Unable to locate element: {"method":"xpath","selector":"//*[@class='btn btn-sm btn-outline BtnGroup-item tooltipped tooltipped-s']"}
  (Session info: headless chrome=59.0.3071.86)
  (Driver info: chromedriver=2.30.477691 (6ee44a7247c639c0703f291d320bdf05c1531b57),platform=Linux 4.2.0-42-generic x86_64)


Traceback (most recent call last):
  File "/home/sx/python/SpringSpider/SpringSpider/spiders/spider.py", line 294, in parseGit
    "//*[@class='btn btn-sm btn-outline BtnGroup-item tooltipped tooltipped-s']").text
  File "/usr/local/lib/python2.7/dist-packages/selenium/webdriver/remote/webdriver.py", line 293, in find_element_by_xpath
    return self.find_element(by=By.XPATH, value=xpath)
  File "/usr/local/lib/python2.7/dist-packages/selenium/webdriver/remote/webdriver.py", line 752, in find_element
    'value': value})['value']
  File "/usr/local/lib/python2.7/dist-packages/selenium/webdriver/remote/webdriver.py", line 236, in execute
    self.error_handler.check_response(response)
  File "/usr/local/lib/python2.7/dist-packages/selenium/webdriver/remote/errorhandler.py", line 192, in check_response
    raise exception_class(message, screen, stacktrace)
NoSuchElementException: Message: no such element: Unable to locate element: {"method":"xpath","selector":"//*[@class='btn btn-sm btn-outline BtnGroup-item tooltipped tooltipped-s']"}
  (Session info: headless chrome=59.0.3071.86)
  (Driver info: chromedriver=2.30.477691 (6ee44a7247c639c0703f291d320bdf05c1531b57),platform=Linux 4.2.0-42-generic x86_64)


Traceback (most recent call last):
  File "/home/sx/python/SpringSpider/SpringSpider/spiders/spider.py", line 294, in parseGit
    "//*[@class='btn btn-sm btn-outline BtnGroup-item tooltipped tooltipped-s']").text
  File "/usr/local/lib/python2.7/dist-packages/selenium/webdriver/remote/webdriver.py", line 293, in find_element_by_xpath
    return self.find_element(by=By.XPATH, value=xpath)
  File "/usr/local/lib/python2.7/dist-packages/selenium/webdriver/remote/webdriver.py", line 752, in find_element
    'value': value})['value']
  File "/usr/local/lib/python2.7/dist-packages/selenium/webdriver/remote/webdriver.py", line 236, in execute
    self.error_handler.check_response(response)
  File "/usr/local/lib/python2.7/dist-packages/selenium/webdriver/remote/errorhandler.py", line 192, in check_response
    raise exception_class(message, screen, stacktrace)
NoSuchElementException: Message: no such element: Unable to locate element: {"method":"xpath","selector":"//*[@class='btn btn-sm btn-outline BtnGroup-item tooltipped tooltipped-s']"}
  (Session info: headless chrome=59.0.3071.86)
  (Driver info: chromedriver=2.30.477691 (6ee44a7247c639c0703f291d320bdf05c1531b57),platform=Linux 4.2.0-42-generic x86_64)


Traceback (most recent call last):
  File "/home/sx/python/SpringSpider/SpringSpider/spiders/spider.py", line 294, in parseGit
    "//*[@class='btn btn-sm btn-outline BtnGroup-item tooltipped tooltipped-s']").text
  File "/usr/local/lib/python2.7/dist-packages/selenium/webdriver/remote/webdriver.py", line 293, in find_element_by_xpath
    return self.find_element(by=By.XPATH, value=xpath)
  File "/usr/local/lib/python2.7/dist-packages/selenium/webdriver/remote/webdriver.py", line 752, in find_element
    'value': value})['value']
  File "/usr/local/lib/python2.7/dist-packages/selenium/webdriver/remote/webdriver.py", line 236, in execute
    self.error_handler.check_response(response)
  File "/usr/local/lib/python2.7/dist-packages/selenium/webdriver/remote/errorhandler.py", line 192, in check_response
    raise exception_class(message, screen, stacktrace)
NoSuchElementException: Message: no such element: Unable to locate element: {"method":"xpath","selector":"//*[@class='btn btn-sm btn-outline BtnGroup-item tooltipped tooltipped-s']"}
  (Session info: headless chrome=59.0.3071.86)
  (Driver info: chromedriver=2.30.477691 (6ee44a7247c639c0703f291d320bdf05c1531b57),platform=Linux 4.2.0-42-generic x86_64)


Traceback (most recent call last):
  File "/home/sx/python/SpringSpider/SpringSpider/spiders/spider.py", line 294, in parseGit
    "//*[@class='btn btn-sm btn-outline BtnGroup-item tooltipped tooltipped-s']").text
  File "/usr/local/lib/python2.7/dist-packages/selenium/webdriver/remote/webdriver.py", line 293, in find_element_by_xpath
    return self.find_element(by=By.XPATH, value=xpath)
  File "/usr/local/lib/python2.7/dist-packages/selenium/webdriver/remote/webdriver.py", line 752, in find_element
    'value': value})['value']
  File "/usr/local/lib/python2.7/dist-packages/selenium/webdriver/remote/webdriver.py", line 236, in execute
    self.error_handler.check_response(response)
  File "/usr/local/lib/python2.7/dist-packages/selenium/webdriver/remote/errorhandler.py", line 192, in check_response
    raise exception_class(message, screen, stacktrace)
NoSuchElementException: Message: no such element: Unable to locate element: {"method":"xpath","selector":"//*[@class='btn btn-sm btn-outline BtnGroup-item tooltipped tooltipped-s']"}
  (Session info: headless chrome=59.0.3071.86)
  (Driver info: chromedriver=2.30.477691 (6ee44a7247c639c0703f291d320bdf05c1531b57),platform=Linux 4.2.0-42-generic x86_64)


Traceback (most recent call last):
  File "/home/sx/python/SpringSpider/SpringSpider/spiders/spider.py", line 294, in parseGit
    "//*[@class='btn btn-sm btn-outline BtnGroup-item tooltipped tooltipped-s']").text
  File "/usr/local/lib/python2.7/dist-packages/selenium/webdriver/remote/webdriver.py", line 293, in find_element_by_xpath
    return self.find_element(by=By.XPATH, value=xpath)
  File "/usr/local/lib/python2.7/dist-packages/selenium/webdriver/remote/webdriver.py", line 752, in find_element
    'value': value})['value']
  File "/usr/local/lib/python2.7/dist-packages/selenium/webdriver/remote/webdriver.py", line 236, in execute
    self.error_handler.check_response(response)
  File "/usr/local/lib/python2.7/dist-packages/selenium/webdriver/remote/errorhandler.py", line 192, in check_response
    raise exception_class(message, screen, stacktrace)
NoSuchElementException: Message: no such element: Unable to locate element: {"method":"xpath","selector":"//*[@class='btn btn-sm btn-outline BtnGroup-item tooltipped tooltipped-s']"}
  (Session info: headless chrome=59.0.3071.86)
  (Driver info: chromedriver=2.30.477691 (6ee44a7247c639c0703f291d320bdf05c1531b57),platform=Linux 4.2.0-42-generic x86_64)


Traceback (most recent call last):
  File "/home/sx/python/SpringSpider/SpringSpider/spiders/spider.py", line 294, in parseGit
    "//*[@class='btn btn-sm btn-outline BtnGroup-item tooltipped tooltipped-s']").text
  File "/usr/local/lib/python2.7/dist-packages/selenium/webdriver/remote/webdriver.py", line 293, in find_element_by_xpath
    return self.find_element(by=By.XPATH, value=xpath)
  File "/usr/local/lib/python2.7/dist-packages/selenium/webdriver/remote/webdriver.py", line 752, in find_element
    'value': value})['value']
  File "/usr/local/lib/python2.7/dist-packages/selenium/webdriver/remote/webdriver.py", line 236, in execute
    self.error_handler.check_response(response)
  File "/usr/local/lib/python2.7/dist-packages/selenium/webdriver/remote/errorhandler.py", line 192, in check_response
    raise exception_class(message, screen, stacktrace)
NoSuchElementException: Message: no such element: Unable to locate element: {"method":"xpath","selector":"//*[@class='btn btn-sm btn-outline BtnGroup-item tooltipped tooltipped-s']"}
  (Session info: headless chrome=59.0.3071.86)
  (Driver info: chromedriver=2.30.477691 (6ee44a7247c639c0703f291d320bdf05c1531b57),platform=Linux 4.2.0-42-generic x86_64)


Traceback (most recent call last):
  File "/home/sx/python/SpringSpider/SpringSpider/spiders/spider.py", line 294, in parseGit
    "//*[@class='btn btn-sm btn-outline BtnGroup-item tooltipped tooltipped-s']").text
  File "/usr/local/lib/python2.7/dist-packages/selenium/webdriver/remote/webdriver.py", line 293, in find_element_by_xpath
    return self.find_element(by=By.XPATH, value=xpath)
  File "/usr/local/lib/python2.7/dist-packages/selenium/webdriver/remote/webdriver.py", line 752, in find_element
    'value': value})['value']
  File "/usr/local/lib/python2.7/dist-packages/selenium/webdriver/remote/webdriver.py", line 236, in execute
    self.error_handler.check_response(response)
  File "/usr/local/lib/python2.7/dist-packages/selenium/webdriver/remote/errorhandler.py", line 192, in check_response
    raise exception_class(message, screen, stacktrace)
NoSuchElementException: Message: no such element: Unable to locate element: {"method":"xpath","selector":"//*[@class='btn btn-sm btn-outline BtnGroup-item tooltipped tooltipped-s']"}
  (Session info: headless chrome=59.0.3071.86)
  (Driver info: chromedriver=2.30.477691 (6ee44a7247c639c0703f291d320bdf05c1531b57),platform=Linux 4.2.0-42-generic x86_64)


Traceback (most recent call last):
  File "/home/sx/python/SpringSpider/SpringSpider/spiders/spider.py", line 294, in parseGit
    "//*[@class='btn btn-sm btn-outline BtnGroup-item tooltipped tooltipped-s']").text
  File "/usr/local/lib/python2.7/dist-packages/selenium/webdriver/remote/webdriver.py", line 293, in find_element_by_xpath
    return self.find_element(by=By.XPATH, value=xpath)
  File "/usr/local/lib/python2.7/dist-packages/selenium/webdriver/remote/webdriver.py", line 752, in find_element
    'value': value})['value']
  File "/usr/local/lib/python2.7/dist-packages/selenium/webdriver/remote/webdriver.py", line 236, in execute
    self.error_handler.check_response(response)
  File "/usr/local/lib/python2.7/dist-packages/selenium/webdriver/remote/errorhandler.py", line 192, in check_response
    raise exception_class(message, screen, stacktrace)
NoSuchElementException: Message: no such element: Unable to locate element: {"method":"xpath","selector":"//*[@class='btn btn-sm btn-outline BtnGroup-item tooltipped tooltipped-s']"}
  (Session info: headless chrome=59.0.3071.86)
  (Driver info: chromedriver=2.30.477691 (6ee44a7247c639c0703f291d320bdf05c1531b57),platform=Linux 4.2.0-42-generic x86_64)


Traceback (most recent call last):
  File "/home/sx/python/SpringSpider/SpringSpider/spiders/spider.py", line 294, in parseGit
    "//*[@class='btn btn-sm btn-outline BtnGroup-item tooltipped tooltipped-s']").text
  File "/usr/local/lib/python2.7/dist-packages/selenium/webdriver/remote/webdriver.py", line 293, in find_element_by_xpath
    return self.find_element(by=By.XPATH, value=xpath)
  File "/usr/local/lib/python2.7/dist-packages/selenium/webdriver/remote/webdriver.py", line 752, in find_element
    'value': value})['value']
  File "/usr/local/lib/python2.7/dist-packages/selenium/webdriver/remote/webdriver.py", line 236, in execute
    self.error_handler.check_response(response)
  File "/usr/local/lib/python2.7/dist-packages/selenium/webdriver/remote/errorhandler.py", line 192, in check_response
    raise exception_class(message, screen, stacktrace)
NoSuchElementException: Message: no such element: Unable to locate element: {"method":"xpath","selector":"//*[@class='btn btn-sm btn-outline BtnGroup-item tooltipped tooltipped-s']"}
  (Session info: headless chrome=59.0.3071.86)
  (Driver info: chromedriver=2.30.477691 (6ee44a7247c639c0703f291d320bdf05c1531b57),platform=Linux 4.2.0-42-generic x86_64)


Traceback (most recent call last):
  File "/home/sx/python/SpringSpider/SpringSpider/spiders/spider.py", line 294, in parseGit
    "//*[@class='btn btn-sm btn-outline BtnGroup-item tooltipped tooltipped-s']").text
  File "/usr/local/lib/python2.7/dist-packages/selenium/webdriver/remote/webdriver.py", line 293, in find_element_by_xpath
    return self.find_element(by=By.XPATH, value=xpath)
  File "/usr/local/lib/python2.7/dist-packages/selenium/webdriver/remote/webdriver.py", line 752, in find_element
    'value': value})['value']
  File "/usr/local/lib/python2.7/dist-packages/selenium/webdriver/remote/webdriver.py", line 236, in execute
    self.error_handler.check_response(response)
  File "/usr/local/lib/python2.7/dist-packages/selenium/webdriver/remote/errorhandler.py", line 192, in check_response
    raise exception_class(message, screen, stacktrace)
NoSuchElementException: Message: no such element: Unable to locate element: {"method":"xpath","selector":"//*[@class='btn btn-sm btn-outline BtnGroup-item tooltipped tooltipped-s']"}
  (Session info: headless chrome=59.0.3071.86)
  (Driver info: chromedriver=2.30.477691 (6ee44a7247c639c0703f291d320bdf05c1531b57),platform=Linux 4.2.0-42-generic x86_64)


Traceback (most recent call last):
  File "/home/sx/python/SpringSpider/SpringSpider/spiders/spider.py", line 294, in parseGit
    "//*[@class='btn btn-sm btn-outline BtnGroup-item tooltipped tooltipped-s']").text
  File "/usr/local/lib/python2.7/dist-packages/selenium/webdriver/remote/webdriver.py", line 293, in find_element_by_xpath
    return self.find_element(by=By.XPATH, value=xpath)
  File "/usr/local/lib/python2.7/dist-packages/selenium/webdriver/remote/webdriver.py", line 752, in find_element
    'value': value})['value']
  File "/usr/local/lib/python2.7/dist-packages/selenium/webdriver/remote/webdriver.py", line 236, in execute
    self.error_handler.check_response(response)
  File "/usr/local/lib/python2.7/dist-packages/selenium/webdriver/remote/errorhandler.py", line 192, in check_response
    raise exception_class(message, screen, stacktrace)
NoSuchElementException: Message: no such element: Unable to locate element: {"method":"xpath","selector":"//*[@class='btn btn-sm btn-outline BtnGroup-item tooltipped tooltipped-s']"}
  (Session info: headless chrome=59.0.3071.86)
  (Driver info: chromedriver=2.30.477691 (6ee44a7247c639c0703f291d320bdf05c1531b57),platform=Linux 4.2.0-42-generic x86_64)


Traceback (most recent call last):
  File "/home/sx/python/SpringSpider/SpringSpider/spiders/spider.py", line 294, in parseGit
    "//*[@class='btn btn-sm btn-outline BtnGroup-item tooltipped tooltipped-s']").text
  File "/usr/local/lib/python2.7/dist-packages/selenium/webdriver/remote/webdriver.py", line 293, in find_element_by_xpath
    return self.find_element(by=By.XPATH, value=xpath)
  File "/usr/local/lib/python2.7/dist-packages/selenium/webdriver/remote/webdriver.py", line 752, in find_element
    'value': value})['value']
  File "/usr/local/lib/python2.7/dist-packages/selenium/webdriver/remote/webdriver.py", line 236, in execute
    self.error_handler.check_response(response)
  File "/usr/local/lib/python2.7/dist-packages/selenium/webdriver/remote/errorhandler.py", line 192, in check_response
    raise exception_class(message, screen, stacktrace)
NoSuchElementException: Message: no such element: Unable to locate element: {"method":"xpath","selector":"//*[@class='btn btn-sm btn-outline BtnGroup-item tooltipped tooltipped-s']"}
  (Session info: headless chrome=59.0.3071.86)
  (Driver info: chromedriver=2.30.477691 (6ee44a7247c639c0703f291d320bdf05c1531b57),platform=Linux 4.2.0-42-generic x86_64)


Traceback (most recent call last):
  File "/home/sx/python/SpringSpider/SpringSpider/spiders/spider.py", line 294, in parseGit
    "//*[@class='btn btn-sm btn-outline BtnGroup-item tooltipped tooltipped-s']").text
  File "/usr/local/lib/python2.7/dist-packages/selenium/webdriver/remote/webdriver.py", line 293, in find_element_by_xpath
    return self.find_element(by=By.XPATH, value=xpath)
  File "/usr/local/lib/python2.7/dist-packages/selenium/webdriver/remote/webdriver.py", line 752, in find_element
    'value': value})['value']
  File "/usr/local/lib/python2.7/dist-packages/selenium/webdriver/remote/webdriver.py", line 236, in execute
    self.error_handler.check_response(response)
  File "/usr/local/lib/python2.7/dist-packages/selenium/webdriver/remote/errorhandler.py", line 192, in check_response
    raise exception_class(message, screen, stacktrace)
NoSuchElementException: Message: no such element: Unable to locate element: {"method":"xpath","selector":"//*[@class='btn btn-sm btn-outline BtnGroup-item tooltipped tooltipped-s']"}
  (Session info: headless chrome=59.0.3071.86)
  (Driver info: chromedriver=2.30.477691 (6ee44a7247c639c0703f291d320bdf05c1531b57),platform=Linux 4.2.0-42-generic x86_64)


Traceback (most recent call last):
  File "/home/sx/python/SpringSpider/SpringSpider/spiders/spider.py", line 294, in parseGit
    "//*[@class='btn btn-sm btn-outline BtnGroup-item tooltipped tooltipped-s']").text
  File "/usr/local/lib/python2.7/dist-packages/selenium/webdriver/remote/webdriver.py", line 293, in find_element_by_xpath
    return self.find_element(by=By.XPATH, value=xpath)
  File "/usr/local/lib/python2.7/dist-packages/selenium/webdriver/remote/webdriver.py", line 752, in find_element
    'value': value})['value']
  File "/usr/local/lib/python2.7/dist-packages/selenium/webdriver/remote/webdriver.py", line 236, in execute
    self.error_handler.check_response(response)
  File "/usr/local/lib/python2.7/dist-packages/selenium/webdriver/remote/errorhandler.py", line 192, in check_response
    raise exception_class(message, screen, stacktrace)
NoSuchElementException: Message: no such element: Unable to locate element: {"method":"xpath","selector":"//*[@class='btn btn-sm btn-outline BtnGroup-item tooltipped tooltipped-s']"}
  (Session info: headless chrome=59.0.3071.86)
  (Driver info: chromedriver=2.30.477691 (6ee44a7247c639c0703f291d320bdf05c1531b57),platform=Linux 4.2.0-42-generic x86_64)


Traceback (most recent call last):
  File "/home/sx/python/SpringSpider/SpringSpider/spiders/spider.py", line 294, in parseGit
    "//*[@class='btn btn-sm btn-outline BtnGroup-item tooltipped tooltipped-s']").text
  File "/usr/local/lib/python2.7/dist-packages/selenium/webdriver/remote/webdriver.py", line 293, in find_element_by_xpath
    return self.find_element(by=By.XPATH, value=xpath)
  File "/usr/local/lib/python2.7/dist-packages/selenium/webdriver/remote/webdriver.py", line 752, in find_element
    'value': value})['value']
  File "/usr/local/lib/python2.7/dist-packages/selenium/webdriver/remote/webdriver.py", line 236, in execute
    self.error_handler.check_response(response)
  File "/usr/local/lib/python2.7/dist-packages/selenium/webdriver/remote/errorhandler.py", line 192, in check_response
    raise exception_class(message, screen, stacktrace)
NoSuchElementException: Message: no such element: Unable to locate element: {"method":"xpath","selector":"//*[@class='btn btn-sm btn-outline BtnGroup-item tooltipped tooltipped-s']"}
  (Session info: headless chrome=59.0.3071.86)
  (Driver info: chromedriver=2.30.477691 (6ee44a7247c639c0703f291d320bdf05c1531b57),platform=Linux 4.2.0-42-generic x86_64)


Traceback (most recent call last):
  File "/home/sx/python/SpringSpider/SpringSpider/spiders/spider.py", line 294, in parseGit
    "//*[@class='btn btn-sm btn-outline BtnGroup-item tooltipped tooltipped-s']").text
  File "/usr/local/lib/python2.7/dist-packages/selenium/webdriver/remote/webdriver.py", line 293, in find_element_by_xpath
    return self.find_element(by=By.XPATH, value=xpath)
  File "/usr/local/lib/python2.7/dist-packages/selenium/webdriver/remote/webdriver.py", line 752, in find_element
    'value': value})['value']
  File "/usr/local/lib/python2.7/dist-packages/selenium/webdriver/remote/webdriver.py", line 236, in execute
    self.error_handler.check_response(response)
  File "/usr/local/lib/python2.7/dist-packages/selenium/webdriver/remote/errorhandler.py", line 192, in check_response
    raise exception_class(message, screen, stacktrace)
NoSuchElementException: Message: no such element: Unable to locate element: {"method":"xpath","selector":"//*[@class='btn btn-sm btn-outline BtnGroup-item tooltipped tooltipped-s']"}
  (Session info: headless chrome=59.0.3071.86)
  (Driver info: chromedriver=2.30.477691 (6ee44a7247c639c0703f291d320bdf05c1531b57),platform=Linux 4.2.0-42-generic x86_64)


Traceback (most recent call last):
  File "/home/sx/python/SpringSpider/SpringSpider/spiders/spider.py", line 294, in parseGit
    "//*[@class='btn btn-sm btn-outline BtnGroup-item tooltipped tooltipped-s']").text
  File "/usr/local/lib/python2.7/dist-packages/selenium/webdriver/remote/webdriver.py", line 293, in find_element_by_xpath
    return self.find_element(by=By.XPATH, value=xpath)
  File "/usr/local/lib/python2.7/dist-packages/selenium/webdriver/remote/webdriver.py", line 752, in find_element
    'value': value})['value']
  File "/usr/local/lib/python2.7/dist-packages/selenium/webdriver/remote/webdriver.py", line 236, in execute
    self.error_handler.check_response(response)
  File "/usr/local/lib/python2.7/dist-packages/selenium/webdriver/remote/errorhandler.py", line 192, in check_response
    raise exception_class(message, screen, stacktrace)
NoSuchElementException: Message: no such element: Unable to locate element: {"method":"xpath","selector":"//*[@class='btn btn-sm btn-outline BtnGroup-item tooltipped tooltipped-s']"}
  (Session info: headless chrome=59.0.3071.86)
  (Driver info: chromedriver=2.30.477691 (6ee44a7247c639c0703f291d320bdf05c1531b57),platform=Linux 4.2.0-42-generic x86_64)


Traceback (most recent call last):
  File "/home/sx/python/SpringSpider/SpringSpider/spiders/spider.py", line 294, in parseGit
    "//*[@class='btn btn-sm btn-outline BtnGroup-item tooltipped tooltipped-s']").text
  File "/usr/local/lib/python2.7/dist-packages/selenium/webdriver/remote/webdriver.py", line 293, in find_element_by_xpath
    return self.find_element(by=By.XPATH, value=xpath)
  File "/usr/local/lib/python2.7/dist-packages/selenium/webdriver/remote/webdriver.py", line 752, in find_element
    'value': value})['value']
  File "/usr/local/lib/python2.7/dist-packages/selenium/webdriver/remote/webdriver.py", line 236, in execute
    self.error_handler.check_response(response)
  File "/usr/local/lib/python2.7/dist-packages/selenium/webdriver/remote/errorhandler.py", line 192, in check_response
    raise exception_class(message, screen, stacktrace)
NoSuchElementException: Message: no such element: Unable to locate element: {"method":"xpath","selector":"//*[@class='btn btn-sm btn-outline BtnGroup-item tooltipped tooltipped-s']"}
  (Session info: headless chrome=59.0.3071.86)
  (Driver info: chromedriver=2.30.477691 (6ee44a7247c639c0703f291d320bdf05c1531b57),platform=Linux 4.2.0-42-generic x86_64)


Traceback (most recent call last):
  File "/home/sx/python/SpringSpider/SpringSpider/spiders/spider.py", line 294, in parseGit
    "//*[@class='btn btn-sm btn-outline BtnGroup-item tooltipped tooltipped-s']").text
  File "/usr/local/lib/python2.7/dist-packages/selenium/webdriver/remote/webdriver.py", line 293, in find_element_by_xpath
    return self.find_element(by=By.XPATH, value=xpath)
  File "/usr/local/lib/python2.7/dist-packages/selenium/webdriver/remote/webdriver.py", line 752, in find_element
    'value': value})['value']
  File "/usr/local/lib/python2.7/dist-packages/selenium/webdriver/remote/webdriver.py", line 236, in execute
    self.error_handler.check_response(response)
  File "/usr/local/lib/python2.7/dist-packages/selenium/webdriver/remote/errorhandler.py", line 192, in check_response
    raise exception_class(message, screen, stacktrace)
NoSuchElementException: Message: no such element: Unable to locate element: {"method":"xpath","selector":"//*[@class='btn btn-sm btn-outline BtnGroup-item tooltipped tooltipped-s']"}
  (Session info: headless chrome=59.0.3071.86)
  (Driver info: chromedriver=2.30.477691 (6ee44a7247c639c0703f291d320bdf05c1531b57),platform=Linux 4.2.0-42-generic x86_64)


Traceback (most recent call last):
  File "/home/sx/python/SpringSpider/SpringSpider/spiders/spider.py", line 294, in parseGit
    "//*[@class='btn btn-sm btn-outline BtnGroup-item tooltipped tooltipped-s']").text
  File "/usr/local/lib/python2.7/dist-packages/selenium/webdriver/remote/webdriver.py", line 293, in find_element_by_xpath
    return self.find_element(by=By.XPATH, value=xpath)
  File "/usr/local/lib/python2.7/dist-packages/selenium/webdriver/remote/webdriver.py", line 752, in find_element
    'value': value})['value']
  File "/usr/local/lib/python2.7/dist-packages/selenium/webdriver/remote/webdriver.py", line 236, in execute
    self.error_handler.check_response(response)
  File "/usr/local/lib/python2.7/dist-packages/selenium/webdriver/remote/errorhandler.py", line 192, in check_response
    raise exception_class(message, screen, stacktrace)
NoSuchElementException: Message: no such element: Unable to locate element: {"method":"xpath","selector":"//*[@class='btn btn-sm btn-outline BtnGroup-item tooltipped tooltipped-s']"}
  (Session info: headless chrome=59.0.3071.86)
  (Driver info: chromedriver=2.30.477691 (6ee44a7247c639c0703f291d320bdf05c1531b57),platform=Linux 4.2.0-42-generic x86_64)


Traceback (most recent call last):
  File "/home/sx/python/SpringSpider/SpringSpider/spiders/spider.py", line 294, in parseGit
    "//*[@class='btn btn-sm btn-outline BtnGroup-item tooltipped tooltipped-s']").text
  File "/usr/local/lib/python2.7/dist-packages/selenium/webdriver/remote/webdriver.py", line 293, in find_element_by_xpath
    return self.find_element(by=By.XPATH, value=xpath)
  File "/usr/local/lib/python2.7/dist-packages/selenium/webdriver/remote/webdriver.py", line 752, in find_element
    'value': value})['value']
  File "/usr/local/lib/python2.7/dist-packages/selenium/webdriver/remote/webdriver.py", line 236, in execute
    self.error_handler.check_response(response)
  File "/usr/local/lib/python2.7/dist-packages/selenium/webdriver/remote/errorhandler.py", line 192, in check_response
    raise exception_class(message, screen, stacktrace)
NoSuchElementException: Message: no such element: Unable to locate element: {"method":"xpath","selector":"//*[@class='btn btn-sm btn-outline BtnGroup-item tooltipped tooltipped-s']"}
  (Session info: headless chrome=59.0.3071.86)
  (Driver info: chromedriver=2.30.477691 (6ee44a7247c639c0703f291d320bdf05c1531b57),platform=Linux 4.2.0-42-generic x86_64)


Traceback (most recent call last):
  File "/home/sx/python/SpringSpider/SpringSpider/spiders/spider.py", line 294, in parseGit
    "//*[@class='btn btn-sm btn-outline BtnGroup-item tooltipped tooltipped-s']").text
  File "/usr/local/lib/python2.7/dist-packages/selenium/webdriver/remote/webdriver.py", line 293, in find_element_by_xpath
    return self.find_element(by=By.XPATH, value=xpath)
  File "/usr/local/lib/python2.7/dist-packages/selenium/webdriver/remote/webdriver.py", line 752, in find_element
    'value': value})['value']
  File "/usr/local/lib/python2.7/dist-packages/selenium/webdriver/remote/webdriver.py", line 236, in execute
    self.error_handler.check_response(response)
  File "/usr/local/lib/python2.7/dist-packages/selenium/webdriver/remote/errorhandler.py", line 192, in check_response
    raise exception_class(message, screen, stacktrace)
NoSuchElementException: Message: no such element: Unable to locate element: {"method":"xpath","selector":"//*[@class='btn btn-sm btn-outline BtnGroup-item tooltipped tooltipped-s']"}
  (Session info: headless chrome=59.0.3071.86)
  (Driver info: chromedriver=2.30.477691 (6ee44a7247c639c0703f291d320bdf05c1531b57),platform=Linux 4.2.0-42-generic x86_64)


Traceback (most recent call last):
  File "/home/sx/python/SpringSpider/SpringSpider/spiders/spider.py", line 294, in parseGit
    "//*[@class='btn btn-sm btn-outline BtnGroup-item tooltipped tooltipped-s']").text
  File "/usr/local/lib/python2.7/dist-packages/selenium/webdriver/remote/webdriver.py", line 293, in find_element_by_xpath
    return self.find_element(by=By.XPATH, value=xpath)
  File "/usr/local/lib/python2.7/dist-packages/selenium/webdriver/remote/webdriver.py", line 752, in find_element
    'value': value})['value']
  File "/usr/local/lib/python2.7/dist-packages/selenium/webdriver/remote/webdriver.py", line 236, in execute
    self.error_handler.check_response(response)
  File "/usr/local/lib/python2.7/dist-packages/selenium/webdriver/remote/errorhandler.py", line 192, in check_response
    raise exception_class(message, screen, stacktrace)
NoSuchElementException: Message: no such element: Unable to locate element: {"method":"xpath","selector":"//*[@class='btn btn-sm btn-outline BtnGroup-item tooltipped tooltipped-s']"}
  (Session info: headless chrome=59.0.3071.86)
  (Driver info: chromedriver=2.30.477691 (6ee44a7247c639c0703f291d320bdf05c1531b57),platform=Linux 4.2.0-42-generic x86_64)


Traceback (most recent call last):
  File "/home/sx/python/SpringSpider/SpringSpider/spiders/spider.py", line 294, in parseGit
    "//*[@class='btn btn-sm btn-outline BtnGroup-item tooltipped tooltipped-s']").text
  File "/usr/local/lib/python2.7/dist-packages/selenium/webdriver/remote/webdriver.py", line 293, in find_element_by_xpath
    return self.find_element(by=By.XPATH, value=xpath)
  File "/usr/local/lib/python2.7/dist-packages/selenium/webdriver/remote/webdriver.py", line 752, in find_element
    'value': value})['value']
  File "/usr/local/lib/python2.7/dist-packages/selenium/webdriver/remote/webdriver.py", line 236, in execute
    self.error_handler.check_response(response)
  File "/usr/local/lib/python2.7/dist-packages/selenium/webdriver/remote/errorhandler.py", line 192, in check_response
    raise exception_class(message, screen, stacktrace)
NoSuchElementException: Message: no such element: Unable to locate element: {"method":"xpath","selector":"//*[@class='btn btn-sm btn-outline BtnGroup-item tooltipped tooltipped-s']"}
  (Session info: headless chrome=59.0.3071.86)
  (Driver info: chromedriver=2.30.477691 (6ee44a7247c639c0703f291d320bdf05c1531b57),platform=Linux 4.2.0-42-generic x86_64)


Traceback (most recent call last):
  File "/home/sx/python/SpringSpider/SpringSpider/spiders/spider.py", line 294, in parseGit
    "//*[@class='btn btn-sm btn-outline BtnGroup-item tooltipped tooltipped-s']").text
  File "/usr/local/lib/python2.7/dist-packages/selenium/webdriver/remote/webdriver.py", line 293, in find_element_by_xpath
    return self.find_element(by=By.XPATH, value=xpath)
  File "/usr/local/lib/python2.7/dist-packages/selenium/webdriver/remote/webdriver.py", line 752, in find_element
    'value': value})['value']
  File "/usr/local/lib/python2.7/dist-packages/selenium/webdriver/remote/webdriver.py", line 236, in execute
    self.error_handler.check_response(response)
  File "/usr/local/lib/python2.7/dist-packages/selenium/webdriver/remote/errorhandler.py", line 192, in check_response
    raise exception_class(message, screen, stacktrace)
NoSuchElementException: Message: no such element: Unable to locate element: {"method":"xpath","selector":"//*[@class='btn btn-sm btn-outline BtnGroup-item tooltipped tooltipped-s']"}
  (Session info: headless chrome=59.0.3071.86)
  (Driver info: chromedriver=2.30.477691 (6ee44a7247c639c0703f291d320bdf05c1531b57),platform=Linux 4.2.0-42-generic x86_64)


Traceback (most recent call last):
  File "/home/sx/python/SpringSpider/SpringSpider/spiders/spider.py", line 294, in parseGit
    "//*[@class='btn btn-sm btn-outline BtnGroup-item tooltipped tooltipped-s']").text
  File "/usr/local/lib/python2.7/dist-packages/selenium/webdriver/remote/webdriver.py", line 293, in find_element_by_xpath
    return self.find_element(by=By.XPATH, value=xpath)
  File "/usr/local/lib/python2.7/dist-packages/selenium/webdriver/remote/webdriver.py", line 752, in find_element
    'value': value})['value']
  File "/usr/local/lib/python2.7/dist-packages/selenium/webdriver/remote/webdriver.py", line 236, in execute
    self.error_handler.check_response(response)
  File "/usr/local/lib/python2.7/dist-packages/selenium/webdriver/remote/errorhandler.py", line 192, in check_response
    raise exception_class(message, screen, stacktrace)
NoSuchElementException: Message: no such element: Unable to locate element: {"method":"xpath","selector":"//*[@class='btn btn-sm btn-outline BtnGroup-item tooltipped tooltipped-s']"}
  (Session info: headless chrome=59.0.3071.86)
  (Driver info: chromedriver=2.30.477691 (6ee44a7247c639c0703f291d320bdf05c1531b57),platform=Linux 4.2.0-42-generic x86_64)


Traceback (most recent call last):
  File "/home/sx/python/SpringSpider/SpringSpider/spiders/spider.py", line 294, in parseGit
    "//*[@class='btn btn-sm btn-outline BtnGroup-item tooltipped tooltipped-s']").text
  File "/usr/local/lib/python2.7/dist-packages/selenium/webdriver/remote/webdriver.py", line 293, in find_element_by_xpath
    return self.find_element(by=By.XPATH, value=xpath)
  File "/usr/local/lib/python2.7/dist-packages/selenium/webdriver/remote/webdriver.py", line 752, in find_element
    'value': value})['value']
  File "/usr/local/lib/python2.7/dist-packages/selenium/webdriver/remote/webdriver.py", line 236, in execute
    self.error_handler.check_response(response)
  File "/usr/local/lib/python2.7/dist-packages/selenium/webdriver/remote/errorhandler.py", line 192, in check_response
    raise exception_class(message, screen, stacktrace)
NoSuchElementException: Message: no such element: Unable to locate element: {"method":"xpath","selector":"//*[@class='btn btn-sm btn-outline BtnGroup-item tooltipped tooltipped-s']"}
  (Session info: headless chrome=59.0.3071.86)
  (Driver info: chromedriver=2.30.477691 (6ee44a7247c639c0703f291d320bdf05c1531b57),platform=Linux 4.2.0-42-generic x86_64)


Traceback (most recent call last):
  File "/home/sx/python/SpringSpider/SpringSpider/spiders/spider.py", line 294, in parseGit
    "//*[@class='btn btn-sm btn-outline BtnGroup-item tooltipped tooltipped-s']").text
  File "/usr/local/lib/python2.7/dist-packages/selenium/webdriver/remote/webdriver.py", line 293, in find_element_by_xpath
    return self.find_element(by=By.XPATH, value=xpath)
  File "/usr/local/lib/python2.7/dist-packages/selenium/webdriver/remote/webdriver.py", line 752, in find_element
    'value': value})['value']
  File "/usr/local/lib/python2.7/dist-packages/selenium/webdriver/remote/webdriver.py", line 236, in execute
    self.error_handler.check_response(response)
  File "/usr/local/lib/python2.7/dist-packages/selenium/webdriver/remote/errorhandler.py", line 192, in check_response
    raise exception_class(message, screen, stacktrace)
NoSuchElementException: Message: no such element: Unable to locate element: {"method":"xpath","selector":"//*[@class='btn btn-sm btn-outline BtnGroup-item tooltipped tooltipped-s']"}
  (Session info: headless chrome=59.0.3071.86)
  (Driver info: chromedriver=2.30.477691 (6ee44a7247c639c0703f291d320bdf05c1531b57),platform=Linux 4.2.0-42-generic x86_64)


Traceback (most recent call last):
  File "/home/sx/python/SpringSpider/SpringSpider/spiders/spider.py", line 294, in parseGit
    "//*[@class='btn btn-sm btn-outline BtnGroup-item tooltipped tooltipped-s']").text
  File "/usr/local/lib/python2.7/dist-packages/selenium/webdriver/remote/webdriver.py", line 293, in find_element_by_xpath
    return self.find_element(by=By.XPATH, value=xpath)
  File "/usr/local/lib/python2.7/dist-packages/selenium/webdriver/remote/webdriver.py", line 752, in find_element
    'value': value})['value']
  File "/usr/local/lib/python2.7/dist-packages/selenium/webdriver/remote/webdriver.py", line 236, in execute
    self.error_handler.check_response(response)
  File "/usr/local/lib/python2.7/dist-packages/selenium/webdriver/remote/errorhandler.py", line 192, in check_response
    raise exception_class(message, screen, stacktrace)
NoSuchElementException: Message: no such element: Unable to locate element: {"method":"xpath","selector":"//*[@class='btn btn-sm btn-outline BtnGroup-item tooltipped tooltipped-s']"}
  (Session info: headless chrome=59.0.3071.86)
  (Driver info: chromedriver=2.30.477691 (6ee44a7247c639c0703f291d320bdf05c1531b57),platform=Linux 4.2.0-42-generic x86_64)


Traceback (most recent call last):
  File "/home/sx/python/SpringSpider/SpringSpider/spiders/spider.py", line 294, in parseGit
    "//*[@class='btn btn-sm btn-outline BtnGroup-item tooltipped tooltipped-s']").text
  File "/usr/local/lib/python2.7/dist-packages/selenium/webdriver/remote/webdriver.py", line 293, in find_element_by_xpath
    return self.find_element(by=By.XPATH, value=xpath)
  File "/usr/local/lib/python2.7/dist-packages/selenium/webdriver/remote/webdriver.py", line 752, in find_element
    'value': value})['value']
  File "/usr/local/lib/python2.7/dist-packages/selenium/webdriver/remote/webdriver.py", line 236, in execute
    self.error_handler.check_response(response)
  File "/usr/local/lib/python2.7/dist-packages/selenium/webdriver/remote/errorhandler.py", line 192, in check_response
    raise exception_class(message, screen, stacktrace)
NoSuchElementException: Message: no such element: Unable to locate element: {"method":"xpath","selector":"//*[@class='btn btn-sm btn-outline BtnGroup-item tooltipped tooltipped-s']"}
  (Session info: headless chrome=59.0.3071.86)
  (Driver info: chromedriver=2.30.477691 (6ee44a7247c639c0703f291d320bdf05c1531b57),platform=Linux 4.2.0-42-generic x86_64)


Traceback (most recent call last):
  File "/home/sx/python/SpringSpider/SpringSpider/spiders/spider.py", line 294, in parseGit
    "//*[@class='btn btn-sm btn-outline BtnGroup-item tooltipped tooltipped-s']").text
  File "/usr/local/lib/python2.7/dist-packages/selenium/webdriver/remote/webdriver.py", line 293, in find_element_by_xpath
    return self.find_element(by=By.XPATH, value=xpath)
  File "/usr/local/lib/python2.7/dist-packages/selenium/webdriver/remote/webdriver.py", line 752, in find_element
    'value': value})['value']
  File "/usr/local/lib/python2.7/dist-packages/selenium/webdriver/remote/webdriver.py", line 236, in execute
    self.error_handler.check_response(response)
  File "/usr/local/lib/python2.7/dist-packages/selenium/webdriver/remote/errorhandler.py", line 192, in check_response
    raise exception_class(message, screen, stacktrace)
NoSuchElementException: Message: no such element: Unable to locate element: {"method":"xpath","selector":"//*[@class='btn btn-sm btn-outline BtnGroup-item tooltipped tooltipped-s']"}
  (Session info: headless chrome=59.0.3071.86)
  (Driver info: chromedriver=2.30.477691 (6ee44a7247c639c0703f291d320bdf05c1531b57),platform=Linux 4.2.0-42-generic x86_64)


Traceback (most recent call last):
  File "/home/sx/python/SpringSpider/SpringSpider/spiders/spider.py", line 294, in parseGit
    "//*[@class='btn btn-sm btn-outline BtnGroup-item tooltipped tooltipped-s']").text
  File "/usr/local/lib/python2.7/dist-packages/selenium/webdriver/remote/webdriver.py", line 293, in find_element_by_xpath
    return self.find_element(by=By.XPATH, value=xpath)
  File "/usr/local/lib/python2.7/dist-packages/selenium/webdriver/remote/webdriver.py", line 752, in find_element
    'value': value})['value']
  File "/usr/local/lib/python2.7/dist-packages/selenium/webdriver/remote/webdriver.py", line 236, in execute
    self.error_handler.check_response(response)
  File "/usr/local/lib/python2.7/dist-packages/selenium/webdriver/remote/errorhandler.py", line 192, in check_response
    raise exception_class(message, screen, stacktrace)
NoSuchElementException: Message: no such element: Unable to locate element: {"method":"xpath","selector":"//*[@class='btn btn-sm btn-outline BtnGroup-item tooltipped tooltipped-s']"}
  (Session info: headless chrome=59.0.3071.86)
  (Driver info: chromedriver=2.30.477691 (6ee44a7247c639c0703f291d320bdf05c1531b57),platform=Linux 4.2.0-42-generic x86_64)


Traceback (most recent call last):
  File "/home/sx/python/SpringSpider/SpringSpider/spiders/spider.py", line 294, in parseGit
    "//*[@class='btn btn-sm btn-outline BtnGroup-item tooltipped tooltipped-s']").text
  File "/usr/local/lib/python2.7/dist-packages/selenium/webdriver/remote/webdriver.py", line 293, in find_element_by_xpath
    return self.find_element(by=By.XPATH, value=xpath)
  File "/usr/local/lib/python2.7/dist-packages/selenium/webdriver/remote/webdriver.py", line 752, in find_element
    'value': value})['value']
  File "/usr/local/lib/python2.7/dist-packages/selenium/webdriver/remote/webdriver.py", line 236, in execute
    self.error_handler.check_response(response)
  File "/usr/local/lib/python2.7/dist-packages/selenium/webdriver/remote/errorhandler.py", line 192, in check_response
    raise exception_class(message, screen, stacktrace)
NoSuchElementException: Message: no such element: Unable to locate element: {"method":"xpath","selector":"//*[@class='btn btn-sm btn-outline BtnGroup-item tooltipped tooltipped-s']"}
  (Session info: headless chrome=59.0.3071.86)
  (Driver info: chromedriver=2.30.477691 (6ee44a7247c639c0703f291d320bdf05c1531b57),platform=Linux 4.2.0-42-generic x86_64)


Traceback (most recent call last):
  File "/home/sx/python/SpringSpider/SpringSpider/spiders/spider.py", line 294, in parseGit
    "//*[@class='btn btn-sm btn-outline BtnGroup-item tooltipped tooltipped-s']").text
  File "/usr/local/lib/python2.7/dist-packages/selenium/webdriver/remote/webdriver.py", line 293, in find_element_by_xpath
    return self.find_element(by=By.XPATH, value=xpath)
  File "/usr/local/lib/python2.7/dist-packages/selenium/webdriver/remote/webdriver.py", line 752, in find_element
    'value': value})['value']
  File "/usr/local/lib/python2.7/dist-packages/selenium/webdriver/remote/webdriver.py", line 236, in execute
    self.error_handler.check_response(response)
  File "/usr/local/lib/python2.7/dist-packages/selenium/webdriver/remote/errorhandler.py", line 192, in check_response
    raise exception_class(message, screen, stacktrace)
NoSuchElementException: Message: no such element: Unable to locate element: {"method":"xpath","selector":"//*[@class='btn btn-sm btn-outline BtnGroup-item tooltipped tooltipped-s']"}
  (Session info: headless chrome=59.0.3071.86)
  (Driver info: chromedriver=2.30.477691 (6ee44a7247c639c0703f291d320bdf05c1531b57),platform=Linux 4.2.0-42-generic x86_64)


Traceback (most recent call last):
  File "/home/sx/python/SpringSpider/SpringSpider/spiders/spider.py", line 294, in parseGit
    "//*[@class='btn btn-sm btn-outline BtnGroup-item tooltipped tooltipped-s']").text
  File "/usr/local/lib/python2.7/dist-packages/selenium/webdriver/remote/webdriver.py", line 293, in find_element_by_xpath
    return self.find_element(by=By.XPATH, value=xpath)
  File "/usr/local/lib/python2.7/dist-packages/selenium/webdriver/remote/webdriver.py", line 752, in find_element
    'value': value})['value']
  File "/usr/local/lib/python2.7/dist-packages/selenium/webdriver/remote/webdriver.py", line 236, in execute
    self.error_handler.check_response(response)
  File "/usr/local/lib/python2.7/dist-packages/selenium/webdriver/remote/errorhandler.py", line 192, in check_response
    raise exception_class(message, screen, stacktrace)
NoSuchElementException: Message: no such element: Unable to locate element: {"method":"xpath","selector":"//*[@class='btn btn-sm btn-outline BtnGroup-item tooltipped tooltipped-s']"}
  (Session info: headless chrome=59.0.3071.86)
  (Driver info: chromedriver=2.30.477691 (6ee44a7247c639c0703f291d320bdf05c1531b57),platform=Linux 4.2.0-42-generic x86_64)


Traceback (most recent call last):
  File "/home/sx/python/SpringSpider/SpringSpider/spiders/spider.py", line 294, in parseGit
    "//*[@class='btn btn-sm btn-outline BtnGroup-item tooltipped tooltipped-s']").text
  File "/usr/local/lib/python2.7/dist-packages/selenium/webdriver/remote/webdriver.py", line 293, in find_element_by_xpath
    return self.find_element(by=By.XPATH, value=xpath)
  File "/usr/local/lib/python2.7/dist-packages/selenium/webdriver/remote/webdriver.py", line 752, in find_element
    'value': value})['value']
  File "/usr/local/lib/python2.7/dist-packages/selenium/webdriver/remote/webdriver.py", line 236, in execute
    self.error_handler.check_response(response)
  File "/usr/local/lib/python2.7/dist-packages/selenium/webdriver/remote/errorhandler.py", line 192, in check_response
    raise exception_class(message, screen, stacktrace)
NoSuchElementException: Message: no such element: Unable to locate element: {"method":"xpath","selector":"//*[@class='btn btn-sm btn-outline BtnGroup-item tooltipped tooltipped-s']"}
  (Session info: headless chrome=59.0.3071.86)
  (Driver info: chromedriver=2.30.477691 (6ee44a7247c639c0703f291d320bdf05c1531b57),platform=Linux 4.2.0-42-generic x86_64)


Traceback (most recent call last):
  File "/home/sx/python/SpringSpider/SpringSpider/spiders/spider.py", line 294, in parseGit
    "//*[@class='btn btn-sm btn-outline BtnGroup-item tooltipped tooltipped-s']").text
  File "/usr/local/lib/python2.7/dist-packages/selenium/webdriver/remote/webdriver.py", line 293, in find_element_by_xpath
    return self.find_element(by=By.XPATH, value=xpath)
  File "/usr/local/lib/python2.7/dist-packages/selenium/webdriver/remote/webdriver.py", line 752, in find_element
    'value': value})['value']
  File "/usr/local/lib/python2.7/dist-packages/selenium/webdriver/remote/webdriver.py", line 236, in execute
    self.error_handler.check_response(response)
  File "/usr/local/lib/python2.7/dist-packages/selenium/webdriver/remote/errorhandler.py", line 192, in check_response
    raise exception_class(message, screen, stacktrace)
NoSuchElementException: Message: no such element: Unable to locate element: {"method":"xpath","selector":"//*[@class='btn btn-sm btn-outline BtnGroup-item tooltipped tooltipped-s']"}
  (Session info: headless chrome=59.0.3071.86)
  (Driver info: chromedriver=2.30.477691 (6ee44a7247c639c0703f291d320bdf05c1531b57),platform=Linux 4.2.0-42-generic x86_64)


Traceback (most recent call last):
  File "/home/sx/python/SpringSpider/SpringSpider/spiders/spider.py", line 294, in parseGit
    "//*[@class='btn btn-sm btn-outline BtnGroup-item tooltipped tooltipped-s']").text
  File "/usr/local/lib/python2.7/dist-packages/selenium/webdriver/remote/webdriver.py", line 293, in find_element_by_xpath
    return self.find_element(by=By.XPATH, value=xpath)
  File "/usr/local/lib/python2.7/dist-packages/selenium/webdriver/remote/webdriver.py", line 752, in find_element
    'value': value})['value']
  File "/usr/local/lib/python2.7/dist-packages/selenium/webdriver/remote/webdriver.py", line 236, in execute
    self.error_handler.check_response(response)
  File "/usr/local/lib/python2.7/dist-packages/selenium/webdriver/remote/errorhandler.py", line 192, in check_response
    raise exception_class(message, screen, stacktrace)
NoSuchElementException: Message: no such element: Unable to locate element: {"method":"xpath","selector":"//*[@class='btn btn-sm btn-outline BtnGroup-item tooltipped tooltipped-s']"}
  (Session info: headless chrome=59.0.3071.86)
  (Driver info: chromedriver=2.30.477691 (6ee44a7247c639c0703f291d320bdf05c1531b57),platform=Linux 4.2.0-42-generic x86_64)


Traceback (most recent call last):
  File "/home/sx/python/SpringSpider/SpringSpider/spiders/spider.py", line 294, in parseGit
    "//*[@class='btn btn-sm btn-outline BtnGroup-item tooltipped tooltipped-s']").text
  File "/usr/local/lib/python2.7/dist-packages/selenium/webdriver/remote/webdriver.py", line 293, in find_element_by_xpath
    return self.find_element(by=By.XPATH, value=xpath)
  File "/usr/local/lib/python2.7/dist-packages/selenium/webdriver/remote/webdriver.py", line 752, in find_element
    'value': value})['value']
  File "/usr/local/lib/python2.7/dist-packages/selenium/webdriver/remote/webdriver.py", line 236, in execute
    self.error_handler.check_response(response)
  File "/usr/local/lib/python2.7/dist-packages/selenium/webdriver/remote/errorhandler.py", line 192, in check_response
    raise exception_class(message, screen, stacktrace)
NoSuchElementException: Message: no such element: Unable to locate element: {"method":"xpath","selector":"//*[@class='btn btn-sm btn-outline BtnGroup-item tooltipped tooltipped-s']"}
  (Session info: headless chrome=59.0.3071.86)
  (Driver info: chromedriver=2.30.477691 (6ee44a7247c639c0703f291d320bdf05c1531b57),platform=Linux 4.2.0-42-generic x86_64)


Traceback (most recent call last):
  File "/home/sx/python/SpringSpider/SpringSpider/spiders/spider.py", line 294, in parseGit
    "//*[@class='btn btn-sm btn-outline BtnGroup-item tooltipped tooltipped-s']").text
  File "/usr/local/lib/python2.7/dist-packages/selenium/webdriver/remote/webdriver.py", line 293, in find_element_by_xpath
    return self.find_element(by=By.XPATH, value=xpath)
  File "/usr/local/lib/python2.7/dist-packages/selenium/webdriver/remote/webdriver.py", line 752, in find_element
    'value': value})['value']
  File "/usr/local/lib/python2.7/dist-packages/selenium/webdriver/remote/webdriver.py", line 236, in execute
    self.error_handler.check_response(response)
  File "/usr/local/lib/python2.7/dist-packages/selenium/webdriver/remote/errorhandler.py", line 192, in check_response
    raise exception_class(message, screen, stacktrace)
NoSuchElementException: Message: no such element: Unable to locate element: {"method":"xpath","selector":"//*[@class='btn btn-sm btn-outline BtnGroup-item tooltipped tooltipped-s']"}
  (Session info: headless chrome=59.0.3071.86)
  (Driver info: chromedriver=2.30.477691 (6ee44a7247c639c0703f291d320bdf05c1531b57),platform=Linux 4.2.0-42-generic x86_64)


Traceback (most recent call last):
  File "/home/sx/python/SpringSpider/SpringSpider/spiders/spider.py", line 294, in parseGit
    "//*[@class='btn btn-sm btn-outline BtnGroup-item tooltipped tooltipped-s']").text
  File "/usr/local/lib/python2.7/dist-packages/selenium/webdriver/remote/webdriver.py", line 293, in find_element_by_xpath
    return self.find_element(by=By.XPATH, value=xpath)
  File "/usr/local/lib/python2.7/dist-packages/selenium/webdriver/remote/webdriver.py", line 752, in find_element
    'value': value})['value']
  File "/usr/local/lib/python2.7/dist-packages/selenium/webdriver/remote/webdriver.py", line 236, in execute
    self.error_handler.check_response(response)
  File "/usr/local/lib/python2.7/dist-packages/selenium/webdriver/remote/errorhandler.py", line 192, in check_response
    raise exception_class(message, screen, stacktrace)
NoSuchElementException: Message: no such element: Unable to locate element: {"method":"xpath","selector":"//*[@class='btn btn-sm btn-outline BtnGroup-item tooltipped tooltipped-s']"}
  (Session info: headless chrome=59.0.3071.86)
  (Driver info: chromedriver=2.30.477691 (6ee44a7247c639c0703f291d320bdf05c1531b57),platform=Linux 4.2.0-42-generic x86_64)


Traceback (most recent call last):
  File "/home/sx/python/SpringSpider/SpringSpider/spiders/spider.py", line 294, in parseGit
    "//*[@class='btn btn-sm btn-outline BtnGroup-item tooltipped tooltipped-s']").text
  File "/usr/local/lib/python2.7/dist-packages/selenium/webdriver/remote/webdriver.py", line 293, in find_element_by_xpath
    return self.find_element(by=By.XPATH, value=xpath)
  File "/usr/local/lib/python2.7/dist-packages/selenium/webdriver/remote/webdriver.py", line 752, in find_element
    'value': value})['value']
  File "/usr/local/lib/python2.7/dist-packages/selenium/webdriver/remote/webdriver.py", line 236, in execute
    self.error_handler.check_response(response)
  File "/usr/local/lib/python2.7/dist-packages/selenium/webdriver/remote/errorhandler.py", line 192, in check_response
    raise exception_class(message, screen, stacktrace)
NoSuchElementException: Message: no such element: Unable to locate element: {"method":"xpath","selector":"//*[@class='btn btn-sm btn-outline BtnGroup-item tooltipped tooltipped-s']"}
  (Session info: headless chrome=59.0.3071.86)
  (Driver info: chromedriver=2.30.477691 (6ee44a7247c639c0703f291d320bdf05c1531b57),platform=Linux 4.2.0-42-generic x86_64)


